[Mon Mar 14 10:09:48.884980 2022] [ssl:warn] [pid 9100:tid 588] AH01909: localhost:443:0 server certificate does NOT include an ID which matches the server name
[Mon Mar 14 10:09:48.942982 2022] [ssl:warn] [pid 9100:tid 588] AH01909: localhost:443:0 server certificate does NOT include an ID which matches the server name
[Mon Mar 14 10:09:49.033981 2022] [mpm_winnt:notice] [pid 9100:tid 588] AH00455: Apache/2.4.52 (Win64) OpenSSL/1.1.1m PHP/8.1.3 configured -- resuming normal operations
[Mon Mar 14 10:09:49.033981 2022] [mpm_winnt:notice] [pid 9100:tid 588] AH00456: Apache Lounge VS16 Server built: Dec 17 2021 10:17:38
[Mon Mar 14 10:09:49.033981 2022] [core:notice] [pid 9100:tid 588] AH00094: Command line: 'C:\\Bitnami\\WAMPST~1.3-0\\apache2\\bin\\httpd.exe -d C:/Bitnami/wampstack-8.1.3-0/apache2 -f C:\\Bitnami\\WAMPST~1.3-0\\apache2\\conf\\httpd.conf'
[Mon Mar 14 10:09:49.053982 2022] [mpm_winnt:notice] [pid 9100:tid 588] AH00418: Parent: Created child process 9820
[Mon Mar 14 10:09:49.536298 2022] [ssl:warn] [pid 9820:tid 584] AH01909: localhost:443:0 server certificate does NOT include an ID which matches the server name
[Mon Mar 14 10:09:49.589297 2022] [ssl:warn] [pid 9820:tid 584] AH01909: localhost:443:0 server certificate does NOT include an ID which matches the server name
[Mon Mar 14 10:09:49.630294 2022] [mpm_winnt:notice] [pid 9820:tid 584] AH00354: Child: Starting 64 worker threads.
[Mon Mar 14 10:10:01.824811 2022] [mpm_winnt:notice] [pid 9100:tid 588] AH00422: Parent: Received shutdown signal -- Shutting down the server.
[Mon Mar 14 10:10:03.842816 2022] [mpm_winnt:notice] [pid 9820:tid 584] AH00364: Child: All worker threads have exited.
[Mon Mar 14 10:10:03.907252 2022] [mpm_winnt:notice] [pid 9100:tid 588] AH00430: Parent: Child process 9820 exited successfully.
[Mon Mar 14 10:10:06.028731 2022] [ssl:warn] [pid 16928:tid 680] AH01909: localhost:443:0 server certificate does NOT include an ID which matches the server name
[Mon Mar 14 10:10:06.091732 2022] [ssl:warn] [pid 16928:tid 680] AH01909: localhost:443:0 server certificate does NOT include an ID which matches the server name
[Mon Mar 14 10:10:06.148725 2022] [mpm_winnt:notice] [pid 16928:tid 680] AH00455: Apache/2.4.52 (Win64) OpenSSL/1.1.1m PHP/8.1.3 configured -- resuming normal operations
[Mon Mar 14 10:10:06.148725 2022] [mpm_winnt:notice] [pid 16928:tid 680] AH00456: Apache Lounge VS16 Server built: Dec 17 2021 10:17:38
[Mon Mar 14 10:10:06.148725 2022] [core:notice] [pid 16928:tid 680] AH00094: Command line: 'C:\\Bitnami\\WAMPST~1.3-0\\apache2\\bin\\httpd.exe -d C:/Bitnami/wampstack-8.1.3-0/apache2 -f C:\\Bitnami\\WAMPST~1.3-0\\apache2\\conf\\httpd.conf'
[Mon Mar 14 10:10:06.166725 2022] [mpm_winnt:notice] [pid 16928:tid 680] AH00418: Parent: Created child process 10300
[Mon Mar 14 10:10:06.760052 2022] [ssl:warn] [pid 10300:tid 580] AH01909: localhost:443:0 server certificate does NOT include an ID which matches the server name
[Mon Mar 14 10:10:06.811050 2022] [ssl:warn] [pid 10300:tid 580] AH01909: localhost:443:0 server certificate does NOT include an ID which matches the server name
[Mon Mar 14 10:10:06.852050 2022] [mpm_winnt:notice] [pid 10300:tid 580] AH00354: Child: Starting 64 worker threads.
[Mon Mar 14 12:03:40.903658 2022] [mpm_winnt:notice] [pid 16928:tid 680] AH00422: Parent: Received shutdown signal -- Shutting down the server.
[Mon Mar 14 12:03:42.915222 2022] [mpm_winnt:notice] [pid 10300:tid 580] AH00364: Child: All worker threads have exited.
[Mon Mar 14 12:03:42.996317 2022] [mpm_winnt:notice] [pid 16928:tid 680] AH00430: Parent: Child process 10300 exited successfully.
[Mon Mar 14 12:03:44.185282 2022] [ssl:warn] [pid 2800:tid 568] AH01909: localhost:443:0 server certificate does NOT include an ID which matches the server name
[Mon Mar 14 12:03:44.260280 2022] [ssl:warn] [pid 2800:tid 568] AH01909: localhost:443:0 server certificate does NOT include an ID which matches the server name
[Mon Mar 14 12:03:44.328277 2022] [mpm_winnt:notice] [pid 2800:tid 568] AH00455: Apache/2.4.52 (Win64) OpenSSL/1.1.1m PHP/8.1.3 configured -- resuming normal operations
[Mon Mar 14 12:03:44.328277 2022] [mpm_winnt:notice] [pid 2800:tid 568] AH00456: Apache Lounge VS16 Server built: Dec 17 2021 10:17:38
[Mon Mar 14 12:03:44.328277 2022] [core:notice] [pid 2800:tid 568] AH00094: Command line: 'C:\\Bitnami\\WAMPST~1.3-0\\apache2\\bin\\httpd.exe -d C:/Bitnami/wampstack-8.1.3-0/apache2 -f C:\\Bitnami\\WAMPST~1.3-0\\apache2\\conf\\httpd.conf'
[Mon Mar 14 12:03:44.350281 2022] [mpm_winnt:notice] [pid 2800:tid 568] AH00418: Parent: Created child process 16272
[Mon Mar 14 12:03:45.033279 2022] [ssl:warn] [pid 16272:tid 604] AH01909: localhost:443:0 server certificate does NOT include an ID which matches the server name
[Mon Mar 14 12:03:45.115278 2022] [ssl:warn] [pid 16272:tid 604] AH01909: localhost:443:0 server certificate does NOT include an ID which matches the server name
[Mon Mar 14 12:03:45.176284 2022] [mpm_winnt:notice] [pid 16272:tid 604] AH00354: Child: Starting 64 worker threads.
[Mon Mar 14 12:17:25.759419 2022] [php:error] [pid 16272:tid 1216] [client ::1:61929] PHP Parse error:  syntax error, unexpected token ":" in C:\\Bitnami\\wampstack-8.1.3-0\\apache2\\htdocs\\phpinfo.php on line 2
[Mon Mar 14 12:17:51.637522 2022] [php:error] [pid 16272:tid 1228] [client ::1:61928] PHP Parse error:  syntax error, unexpected token ":" in C:\\Bitnami\\wampstack-8.1.3-0\\apache2\\htdocs\\phpinfo.php on line 2
[Mon Mar 14 12:17:53.994528 2022] [php:error] [pid 16272:tid 1216] [client ::1:61931] PHP Parse error:  syntax error, unexpected token ":" in C:\\Bitnami\\wampstack-8.1.3-0\\apache2\\htdocs\\phpinfo.php on line 2
[Mon Mar 14 12:17:54.564540 2022] [php:error] [pid 16272:tid 1228] [client ::1:61932] PHP Parse error:  syntax error, unexpected token ":" in C:\\Bitnami\\wampstack-8.1.3-0\\apache2\\htdocs\\phpinfo.php on line 2
[Mon Mar 14 12:19:00.453939 2022] [php:error] [pid 16272:tid 1228] [client ::1:61935] PHP Parse error:  syntax error, unexpected token ":" in C:\\Bitnami\\wampstack-8.1.3-0\\apache2\\htdocs\\phpinfo.php on line 2
VirtualProtect() failed [87] 매개 변수가 틀립니다
VirtualProtect() failed [87] 매개 변수가 틀립니다
[Tue Mar 15 10:45:00.046322 2022] [mpm_winnt:notice] [pid 2800:tid 568] AH00422: Parent: Received shutdown signal -- Shutting down the server.
[Tue Mar 15 10:45:02.059430 2022] [mpm_winnt:notice] [pid 16272:tid 604] AH00364: Child: All worker threads have exited.
[Tue Mar 15 10:45:02.121921 2022] [mpm_winnt:notice] [pid 2800:tid 568] AH00430: Parent: Child process 16272 exited successfully.
[Wed Mar 16 19:58:05.963855 2022] [ssl:warn] [pid 3984:tid 560] AH01909: localhost:443:0 server certificate does NOT include an ID which matches the server name
[Wed Mar 16 19:58:06.016392 2022] [ssl:warn] [pid 3984:tid 560] AH01909: localhost:443:0 server certificate does NOT include an ID which matches the server name
[Wed Mar 16 19:58:06.260677 2022] [mpm_winnt:notice] [pid 3984:tid 560] AH00455: Apache/2.4.52 (Win64) OpenSSL/1.1.1m PHP/8.1.3 configured -- resuming normal operations
[Wed Mar 16 19:58:06.260677 2022] [mpm_winnt:notice] [pid 3984:tid 560] AH00456: Apache Lounge VS16 Server built: Dec 17 2021 10:17:38
[Wed Mar 16 19:58:06.260677 2022] [core:notice] [pid 3984:tid 560] AH00094: Command line: 'C:\\Bitnami\\WAMPST~1.3-0\\apache2\\bin\\httpd.exe -d C:/Bitnami/wampstack-8.1.3-0/apache2 -f C:\\Bitnami\\WAMPST~1.3-0\\apache2\\conf\\httpd.conf'
[Wed Mar 16 19:58:06.266024 2022] [mpm_winnt:notice] [pid 3984:tid 560] AH00418: Parent: Created child process 5564
[Wed Mar 16 19:58:07.914669 2022] [ssl:warn] [pid 5564:tid 564] AH01909: localhost:443:0 server certificate does NOT include an ID which matches the server name
[Wed Mar 16 19:58:07.971394 2022] [ssl:warn] [pid 5564:tid 564] AH01909: localhost:443:0 server certificate does NOT include an ID which matches the server name
[Wed Mar 16 19:58:08.067256 2022] [mpm_winnt:notice] [pid 5564:tid 564] AH00354: Child: Starting 64 worker threads.
VirtualProtect() failed [87] 매개 변수가 틀립니다
VirtualProtect() failed [87] 매개 변수가 틀립니다
VirtualProtect() failed [87] 매개 변수가 틀립니다
VirtualProtect() failed [87] 매개 변수가 틀립니다
VirtualProtect() failed [87] 매개 변수가 틀립니다
VirtualProtect() failed [87] 매개 변수가 틀립니다
VirtualProtect() failed [87] 매개 변수가 틀립니다
VirtualProtect() failed [87] 매개 변수가 틀립니다
VirtualProtect() failed [87] 매개 변수가 틀립니다
VirtualProtect() failed [87] 매개 변수가 틀립니다
VirtualProtect() failed [87] 매개 변수가 틀립니다
VirtualProtect() failed [87] 매개 변수가 틀립니다
VirtualProtect() failed [87] 매개 변수가 틀립니다
VirtualProtect() failed [87] 매개 변수가 틀립니다
VirtualProtect() failed [87] 매개 변수가 틀립니다
VirtualProtect() failed [87] 매개 변수가 틀립니다
VirtualProtect() failed [87] 매개 변수가 틀립니다
VirtualProtect() failed [87] 매개 변수가 틀립니다
VirtualProtect() failed [87] 매개 변수가 틀립니다
VirtualProtect() failed [87] 매개 변수가 틀립니다
VirtualProtect() failed [87] 매개 변수가 틀립니다
VirtualProtect() failed [87] 매개 변수가 틀립니다
VirtualProtect() failed [87] 매개 변수가 틀립니다
VirtualProtect() failed [87] 매개 변수가 틀립니다
VirtualProtect() failed [87] 매개 변수가 틀립니다
VirtualProtect() failed [87] 매개 변수가 틀립니다
VirtualProtect() failed [87] 매개 변수가 틀립니다
VirtualProtect() failed [87] 매개 변수가 틀립니다
VirtualProtect() failed [87] 매개 변수가 틀립니다
VirtualProtect() failed [87] 매개 변수가 틀립니다
VirtualProtect() failed [87] 매개 변수가 틀립니다
VirtualProtect() failed [87] 매개 변수가 틀립니다
VirtualProtect() failed [87] 매개 변수가 틀립니다
VirtualProtect() failed [87] 매개 변수가 틀립니다
VirtualProtect() failed [87] 매개 변수가 틀립니다
VirtualProtect() failed [87] 매개 변수가 틀립니다
VirtualProtect() failed [87] 매개 변수가 틀립니다
VirtualProtect() failed [87] 매개 변수가 틀립니다
VirtualProtect() failed [87] 매개 변수가 틀립니다
VirtualProtect() failed [87] 매개 변수가 틀립니다
VirtualProtect() failed [87] 매개 변수가 틀립니다
VirtualProtect() failed [87] 매개 변수가 틀립니다
VirtualProtect() failed [87] 매개 변수가 틀립니다
VirtualProtect() failed [87] 매개 변수가 틀립니다
VirtualProtect() failed [87] 매개 변수가 틀립니다
VirtualProtect() failed [87] 매개 변수가 틀립니다
VirtualProtect() failed [87] 매개 변수가 틀립니다
VirtualProtect() failed [87] 매개 변수가 틀립니다
VirtualProtect() failed [87] 매개 변수가 틀립니다
VirtualProtect() failed [87] 매개 변수가 틀립니다
VirtualProtect() failed [87] 매개 변수가 틀립니다
VirtualProtect() failed [87] 매개 변수가 틀립니다
VirtualProtect() failed [87] 매개 변수가 틀립니다
VirtualProtect() failed [87] 매개 변수가 틀립니다
VirtualProtect() failed [87] 매개 변수가 틀립니다
VirtualProtect() failed [87] 매개 변수가 틀립니다
VirtualProtect() failed [87] 매개 변수가 틀립니다
VirtualProtect() failed [87] 매개 변수가 틀립니다
VirtualProtect() failed [87] 매개 변수가 틀립니다
VirtualProtect() failed [87] 매개 변수가 틀립니다
VirtualProtect() failed [87] 매개 변수가 틀립니다
VirtualProtect() failed [87] 매개 변수가 틀립니다
VirtualProtect() failed [87] 매개 변수가 틀립니다
VirtualProtect() failed [87] 매개 변수가 틀립니다
VirtualProtect() failed [87] 매개 변수가 틀립니다
VirtualProtect() failed [87] 매개 변수가 틀립니다
VirtualProtect() failed [87] 매개 변수가 틀립니다
VirtualProtect() failed [87] 매개 변수가 틀립니다
VirtualProtect() failed [87] 매개 변수가 틀립니다
VirtualProtect() failed [87] 매개 변수가 틀립니다
VirtualProtect() failed [87] 매개 변수가 틀립니다
VirtualProtect() failed [87] 매개 변수가 틀립니다
VirtualProtect() failed [87] 매개 변수가 틀립니다
VirtualProtect() failed [87] 매개 변수가 틀립니다
VirtualProtect() failed [87] 매개 변수가 틀립니다
VirtualProtect() failed [87] 매개 변수가 틀립니다
VirtualProtect() failed [87] 매개 변수가 틀립니다
VirtualProtect() failed [87] 매개 변수가 틀립니다
VirtualProtect() failed [87] 매개 변수가 틀립니다
VirtualProtect() failed [87] 매개 변수가 틀립니다
VirtualProtect() failed [87] 매개 변수가 틀립니다
VirtualProtect() failed [87] 매개 변수가 틀립니다
VirtualProtect() failed [87] 매개 변수가 틀립니다
VirtualProtect() failed [87] 매개 변수가 틀립니다
VirtualProtect() failed [87] 매개 변수가 틀립니다
VirtualProtect() failed [87] 매개 변수가 틀립니다
VirtualProtect() failed [87] 매개 변수가 틀립니다
VirtualProtect() failed [87] 매개 변수가 틀립니다
VirtualProtect() failed [87] 매개 변수가 틀립니다
VirtualProtect() failed [87] 매개 변수가 틀립니다
VirtualProtect() failed [87] 매개 변수가 틀립니다
VirtualProtect() failed [87] 매개 변수가 틀립니다
VirtualProtect() failed [87] 매개 변수가 틀립니다
VirtualProtect() failed [87] 매개 변수가 틀립니다
VirtualProtect() failed [87] 매개 변수가 틀립니다
VirtualProtect() failed [87] 매개 변수가 틀립니다
VirtualProtect() failed [87] 매개 변수가 틀립니다
VirtualProtect() failed [87] 매개 변수가 틀립니다
VirtualProtect() failed [87] 매개 변수가 틀립니다
VirtualProtect() failed [87] 매개 변수가 틀립니다
VirtualProtect() failed [87] 매개 변수가 틀립니다
VirtualProtect() failed [87] 매개 변수가 틀립니다
VirtualProtect() failed [87] 매개 변수가 틀립니다
VirtualProtect() failed [87] 매개 변수가 틀립니다
VirtualProtect() failed [87] 매개 변수가 틀립니다
VirtualProtect() failed [87] 매개 변수가 틀립니다
VirtualProtect() failed [87] 매개 변수가 틀립니다
VirtualProtect() failed [87] 매개 변수가 틀립니다
VirtualProtect() failed [87] 매개 변수가 틀립니다
VirtualProtect() failed [87] 매개 변수가 틀립니다
VirtualProtect() failed [87] 매개 변수가 틀립니다
VirtualProtect() failed [87] 매개 변수가 틀립니다
VirtualProtect() failed [87] 매개 변수가 틀립니다
VirtualProtect() failed [87] 매개 변수가 틀립니다
VirtualProtect() failed [87] 매개 변수가 틀립니다
VirtualProtect() failed [87] 매개 변수가 틀립니다
VirtualProtect() failed [87] 매개 변수가 틀립니다
VirtualProtect() failed [87] 매개 변수가 틀립니다
VirtualProtect() failed [87] 매개 변수가 틀립니다
VirtualProtect() failed [87] 매개 변수가 틀립니다
VirtualProtect() failed [87] 매개 변수가 틀립니다
VirtualProtect() failed [87] 매개 변수가 틀립니다
VirtualProtect() failed [87] 매개 변수가 틀립니다
VirtualProtect() failed [87] 매개 변수가 틀립니다
VirtualProtect() failed [87] 매개 변수가 틀립니다
VirtualProtect() failed [87] 매개 변수가 틀립니다
VirtualProtect() failed [87] 매개 변수가 틀립니다
VirtualProtect() failed [87] 매개 변수가 틀립니다
VirtualProtect() failed [87] 매개 변수가 틀립니다
VirtualProtect() failed [87] 매개 변수가 틀립니다
VirtualProtect() failed [87] 매개 변수가 틀립니다
VirtualProtect() failed [87] 매개 변수가 틀립니다
VirtualProtect() failed [87] 매개 변수가 틀립니다
VirtualProtect() failed [87] 매개 변수가 틀립니다
VirtualProtect() failed [87] 매개 변수가 틀립니다
VirtualProtect() failed [87] 매개 변수가 틀립니다
VirtualProtect() failed [87] 매개 변수가 틀립니다
VirtualProtect() failed [87] 매개 변수가 틀립니다
VirtualProtect() failed [87] 매개 변수가 틀립니다
VirtualProtect() failed [87] 매개 변수가 틀립니다
VirtualProtect() failed [87] 매개 변수가 틀립니다
VirtualProtect() failed [87] 매개 변수가 틀립니다
VirtualProtect() failed [87] 매개 변수가 틀립니다
VirtualProtect() failed [87] 매개 변수가 틀립니다
VirtualProtect() failed [87] 매개 변수가 틀립니다
VirtualProtect() failed [87] 매개 변수가 틀립니다
VirtualProtect() failed [87] 매개 변수가 틀립니다
VirtualProtect() failed [87] 매개 변수가 틀립니다
VirtualProtect() failed [87] 매개 변수가 틀립니다
VirtualProtect() failed [87] 매개 변수가 틀립니다
VirtualProtect() failed [87] 매개 변수가 틀립니다
VirtualProtect() failed [87] 매개 변수가 틀립니다
VirtualProtect() failed [87] 매개 변수가 틀립니다
VirtualProtect() failed [87] 매개 변수가 틀립니다
VirtualProtect() failed [87] 매개 변수가 틀립니다
VirtualProtect() failed [87] 매개 변수가 틀립니다
VirtualProtect() failed [87] 매개 변수가 틀립니다
VirtualProtect() failed [87] 매개 변수가 틀립니다
VirtualProtect() failed [87] 매개 변수가 틀립니다
VirtualProtect() failed [87] 매개 변수가 틀립니다
VirtualProtect() failed [87] 매개 변수가 틀립니다
VirtualProtect() failed [87] 매개 변수가 틀립니다
VirtualProtect() failed [87] 매개 변수가 틀립니다
VirtualProtect() failed [87] 매개 변수가 틀립니다
VirtualProtect() failed [87] 매개 변수가 틀립니다
VirtualProtect() failed [87] 매개 변수가 틀립니다
VirtualProtect() failed [87] 매개 변수가 틀립니다
VirtualProtect() failed [87] 매개 변수가 틀립니다
VirtualProtect() failed [87] 매개 변수가 틀립니다
VirtualProtect() failed [87] 매개 변수가 틀립니다
VirtualProtect() failed [87] 매개 변수가 틀립니다
VirtualProtect() failed [87] 매개 변수가 틀립니다
VirtualProtect() failed [87] 매개 변수가 틀립니다
VirtualProtect() failed [87] 매개 변수가 틀립니다
VirtualProtect() failed [87] 매개 변수가 틀립니다
VirtualProtect() failed [87] 매개 변수가 틀립니다
VirtualProtect() failed [87] 매개 변수가 틀립니다
VirtualProtect() failed [87] 매개 변수가 틀립니다
VirtualProtect() failed [87] 매개 변수가 틀립니다
VirtualProtect() failed [87] 매개 변수가 틀립니다
VirtualProtect() failed [87] 매개 변수가 틀립니다
VirtualProtect() failed [87] 매개 변수가 틀립니다
VirtualProtect() failed [87] 매개 변수가 틀립니다
VirtualProtect() failed [87] 매개 변수가 틀립니다
VirtualProtect() failed [87] 매개 변수가 틀립니다
VirtualProtect() failed [87] 매개 변수가 틀립니다
VirtualProtect() failed [87] 매개 변수가 틀립니다
VirtualProtect() failed [87] 매개 변수가 틀립니다
VirtualProtect() failed [87] 매개 변수가 틀립니다
VirtualProtect() failed [87] 매개 변수가 틀립니다
VirtualProtect() failed [87] 매개 변수가 틀립니다
VirtualProtect() failed [87] 매개 변수가 틀립니다
VirtualProtect() failed [87] 매개 변수가 틀립니다
VirtualProtect() failed [87] 매개 변수가 틀립니다
VirtualProtect() failed [87] 매개 변수가 틀립니다
VirtualProtect() failed [87] 매개 변수가 틀립니다
VirtualProtect() failed [87] 매개 변수가 틀립니다
VirtualProtect() failed [87] 매개 변수가 틀립니다
VirtualProtect() failed [87] 매개 변수가 틀립니다
VirtualProtect() failed [87] 매개 변수가 틀립니다
VirtualProtect() failed [87] 매개 변수가 틀립니다
VirtualProtect() failed [87] 매개 변수가 틀립니다
VirtualProtect() failed [87] 매개 변수가 틀립니다
VirtualProtect() failed [87] 매개 변수가 틀립니다
VirtualProtect() failed [87] 매개 변수가 틀립니다
VirtualProtect() failed [87] 매개 변수가 틀립니다
VirtualProtect() failed [87] 매개 변수가 틀립니다
VirtualProtect() failed [87] 매개 변수가 틀립니다
VirtualProtect() failed [87] 매개 변수가 틀립니다
VirtualProtect() failed [87] 매개 변수가 틀립니다
VirtualProtect() failed [87] 매개 변수가 틀립니다
VirtualProtect() failed [87] 매개 변수가 틀립니다
VirtualProtect() failed [87] 매개 변수가 틀립니다
VirtualProtect() failed [87] 매개 변수가 틀립니다
VirtualProtect() failed [87] 매개 변수가 틀립니다
VirtualProtect() failed [87] 매개 변수가 틀립니다
VirtualProtect() failed [87] 매개 변수가 틀립니다
VirtualProtect() failed [87] 매개 변수가 틀립니다
VirtualProtect() failed [87] 매개 변수가 틀립니다
VirtualProtect() failed [87] 매개 변수가 틀립니다
VirtualProtect() failed [87] 매개 변수가 틀립니다
VirtualProtect() failed [87] 매개 변수가 틀립니다
VirtualProtect() failed [87] 매개 변수가 틀립니다
VirtualProtect() failed [87] 매개 변수가 틀립니다
VirtualProtect() failed [87] 매개 변수가 틀립니다
VirtualProtect() failed [87] 매개 변수가 틀립니다
VirtualProtect() failed [87] 매개 변수가 틀립니다
VirtualProtect() failed [87] 매개 변수가 틀립니다
VirtualProtect() failed [87] 매개 변수가 틀립니다
VirtualProtect() failed [87] 매개 변수가 틀립니다
VirtualProtect() failed [87] 매개 변수가 틀립니다
VirtualProtect() failed [87] 매개 변수가 틀립니다
VirtualProtect() failed [87] 매개 변수가 틀립니다
VirtualProtect() failed [87] 매개 변수가 틀립니다
VirtualProtect() failed [87] 매개 변수가 틀립니다
VirtualProtect() failed [87] 매개 변수가 틀립니다
VirtualProtect() failed [87] 매개 변수가 틀립니다
VirtualProtect() failed [87] 매개 변수가 틀립니다
VirtualProtect() failed [87] 매개 변수가 틀립니다
VirtualProtect() failed [87] 매개 변수가 틀립니다
VirtualProtect() failed [87] 매개 변수가 틀립니다
VirtualProtect() failed [87] 매개 변수가 틀립니다
VirtualProtect() failed [87] 매개 변수가 틀립니다
VirtualProtect() failed [87] 매개 변수가 틀립니다
VirtualProtect() failed [87] 매개 변수가 틀립니다
VirtualProtect() failed [87] 매개 변수가 틀립니다
VirtualProtect() failed [87] 매개 변수가 틀립니다
VirtualProtect() failed [87] 매개 변수가 틀립니다
VirtualProtect() failed [87] 매개 변수가 틀립니다
VirtualProtect() failed [87] 매개 변수가 틀립니다
VirtualProtect() failed [87] 매개 변수가 틀립니다
VirtualProtect() failed [87] 매개 변수가 틀립니다
VirtualProtect() failed [87] 매개 변수가 틀립니다
VirtualProtect() failed [87] 매개 변수가 틀립니다
VirtualProtect() failed [87] 매개 변수가 틀립니다
VirtualProtect() failed [87] 매개 변수가 틀립니다
VirtualProtect() failed [87] 매개 변수가 틀립니다
VirtualProtect() failed [87] 매개 변수가 틀립니다
VirtualProtect() failed [87] 매개 변수가 틀립니다
VirtualProtect() failed [87] 매개 변수가 틀립니다
VirtualProtect() failed [87] 매개 변수가 틀립니다
VirtualProtect() failed [87] 매개 변수가 틀립니다
VirtualProtect() failed [87] 매개 변수가 틀립니다
VirtualProtect() failed [87] 매개 변수가 틀립니다
VirtualProtect() failed [87] 매개 변수가 틀립니다
VirtualProtect() failed [87] 매개 변수가 틀립니다
VirtualProtect() failed [87] 매개 변수가 틀립니다
VirtualProtect() failed [87] 매개 변수가 틀립니다
VirtualProtect() failed [87] 매개 변수가 틀립니다
VirtualProtect() failed [87] 매개 변수가 틀립니다
VirtualProtect() failed [87] 매개 변수가 틀립니다
VirtualProtect() failed [87] 매개 변수가 틀립니다
VirtualProtect() failed [87] 매개 변수가 틀립니다
VirtualProtect() failed [87] 매개 변수가 틀립니다
VirtualProtect() failed [87] 매개 변수가 틀립니다
VirtualProtect() failed [87] 매개 변수가 틀립니다
VirtualProtect() failed [87] 매개 변수가 틀립니다
VirtualProtect() failed [87] 매개 변수가 틀립니다
VirtualProtect() failed [87] 매개 변수가 틀립니다
VirtualProtect() failed [87] 매개 변수가 틀립니다
VirtualProtect() failed [87] 매개 변수가 틀립니다
VirtualProtect() failed [87] 매개 변수가 틀립니다
VirtualProtect() failed [87] 매개 변수가 틀립니다
VirtualProtect() failed [87] 매개 변수가 틀립니다
VirtualProtect() failed [87] 매개 변수가 틀립니다
VirtualProtect() failed [87] 매개 변수가 틀립니다
VirtualProtect() failed [87] 매개 변수가 틀립니다
VirtualProtect() failed [87] 매개 변수가 틀립니다
VirtualProtect() failed [87] 매개 변수가 틀립니다
VirtualProtect() failed [87] 매개 변수가 틀립니다
VirtualProtect() failed [87] 매개 변수가 틀립니다
VirtualProtect() failed [87] 매개 변수가 틀립니다
VirtualProtect() failed [87] 매개 변수가 틀립니다
VirtualProtect() failed [87] 매개 변수가 틀립니다
VirtualProtect() failed [87] 매개 변수가 틀립니다
VirtualProtect() failed [87] 매개 변수가 틀립니다
VirtualProtect() failed [87] 매개 변수가 틀립니다
VirtualProtect() failed [87] 매개 변수가 틀립니다
VirtualProtect() failed [87] 매개 변수가 틀립니다
VirtualProtect() failed [87] 매개 변수가 틀립니다
VirtualProtect() failed [87] 매개 변수가 틀립니다
VirtualProtect() failed [87] 매개 변수가 틀립니다
VirtualProtect() failed [87] 매개 변수가 틀립니다
VirtualProtect() failed [87] 매개 변수가 틀립니다
VirtualProtect() failed [87] 매개 변수가 틀립니다
VirtualProtect() failed [87] 매개 변수가 틀립니다
VirtualProtect() failed [87] 매개 변수가 틀립니다
VirtualProtect() failed [87] 매개 변수가 틀립니다
VirtualProtect() failed [87] 매개 변수가 틀립니다
VirtualProtect() failed [87] 매개 변수가 틀립니다
VirtualProtect() failed [87] 매개 변수가 틀립니다
VirtualProtect() failed [87] 매개 변수가 틀립니다
VirtualProtect() failed [87] 매개 변수가 틀립니다
VirtualProtect() failed [87] 매개 변수가 틀립니다
VirtualProtect() failed [87] 매개 변수가 틀립니다
VirtualProtect() failed [87] 매개 변수가 틀립니다
VirtualProtect() failed [87] 매개 변수가 틀립니다
VirtualProtect() failed [87] 매개 변수가 틀립니다
VirtualProtect() failed [87] 매개 변수가 틀립니다
VirtualProtect() failed [87] 매개 변수가 틀립니다
VirtualProtect() failed [87] 매개 변수가 틀립니다
VirtualProtect() failed [87] 매개 변수가 틀립니다
VirtualProtect() failed [87] 매개 변수가 틀립니다
VirtualProtect() failed [87] 매개 변수가 틀립니다
VirtualProtect() failed [87] 매개 변수가 틀립니다
VirtualProtect() failed [87] 매개 변수가 틀립니다
VirtualProtect() failed [87] 매개 변수가 틀립니다
VirtualProtect() failed [87] 매개 변수가 틀립니다
VirtualProtect() failed [87] 매개 변수가 틀립니다
VirtualProtect() failed [87] 매개 변수가 틀립니다
VirtualProtect() failed [87] 매개 변수가 틀립니다
VirtualProtect() failed [87] 매개 변수가 틀립니다
VirtualProtect() failed [87] 매개 변수가 틀립니다
VirtualProtect() failed [87] 매개 변수가 틀립니다
VirtualProtect() failed [87] 매개 변수가 틀립니다
VirtualProtect() failed [87] 매개 변수가 틀립니다
VirtualProtect() failed [87] 매개 변수가 틀립니다
VirtualProtect() failed [87] 매개 변수가 틀립니다
VirtualProtect() failed [87] 매개 변수가 틀립니다
VirtualProtect() failed [87] 매개 변수가 틀립니다
VirtualProtect() failed [87] 매개 변수가 틀립니다
VirtualProtect() failed [87] 매개 변수가 틀립니다
VirtualProtect() failed [87] 매개 변수가 틀립니다
VirtualProtect() failed [87] 매개 변수가 틀립니다
VirtualProtect() failed [87] 매개 변수가 틀립니다
VirtualProtect() failed [87] 매개 변수가 틀립니다
VirtualProtect() failed [87] 매개 변수가 틀립니다
VirtualProtect() failed [87] 매개 변수가 틀립니다
VirtualProtect() failed [87] 매개 변수가 틀립니다
VirtualProtect() failed [87] 매개 변수가 틀립니다
VirtualProtect() failed [87] 매개 변수가 틀립니다
VirtualProtect() failed [87] 매개 변수가 틀립니다
VirtualProtect() failed [87] 매개 변수가 틀립니다
VirtualProtect() failed [87] 매개 변수가 틀립니다
VirtualProtect() failed [87] 매개 변수가 틀립니다
VirtualProtect() failed [87] 매개 변수가 틀립니다
VirtualProtect() failed [87] 매개 변수가 틀립니다
VirtualProtect() failed [87] 매개 변수가 틀립니다
VirtualProtect() failed [87] 매개 변수가 틀립니다
VirtualProtect() failed [87] 매개 변수가 틀립니다
VirtualProtect() failed [87] 매개 변수가 틀립니다
VirtualProtect() failed [87] 매개 변수가 틀립니다
VirtualProtect() failed [87] 매개 변수가 틀립니다
VirtualProtect() failed [87] 매개 변수가 틀립니다
VirtualProtect() failed [87] 매개 변수가 틀립니다
VirtualProtect() failed [87] 매개 변수가 틀립니다
VirtualProtect() failed [87] 매개 변수가 틀립니다
VirtualProtect() failed [87] 매개 변수가 틀립니다
VirtualProtect() failed [87] 매개 변수가 틀립니다
VirtualProtect() failed [87] 매개 변수가 틀립니다
VirtualProtect() failed [87] 매개 변수가 틀립니다
VirtualProtect() failed [87] 매개 변수가 틀립니다
VirtualProtect() failed [87] 매개 변수가 틀립니다
VirtualProtect() failed [87] 매개 변수가 틀립니다
VirtualProtect() failed [87] 매개 변수가 틀립니다
VirtualProtect() failed [87] 매개 변수가 틀립니다
VirtualProtect() failed [87] 매개 변수가 틀립니다
VirtualProtect() failed [87] 매개 변수가 틀립니다
VirtualProtect() failed [87] 매개 변수가 틀립니다
VirtualProtect() failed [87] 매개 변수가 틀립니다
VirtualProtect() failed [87] 매개 변수가 틀립니다
VirtualProtect() failed [87] 매개 변수가 틀립니다
VirtualProtect() failed [87] 매개 변수가 틀립니다
VirtualProtect() failed [87] 매개 변수가 틀립니다
VirtualProtect() failed [87] 매개 변수가 틀립니다
VirtualProtect() failed [87] 매개 변수가 틀립니다
VirtualProtect() failed [87] 매개 변수가 틀립니다
VirtualProtect() failed [87] 매개 변수가 틀립니다
VirtualProtect() failed [87] 매개 변수가 틀립니다
VirtualProtect() failed [87] 매개 변수가 틀립니다
VirtualProtect() failed [87] 매개 변수가 틀립니다
VirtualProtect() failed [87] 매개 변수가 틀립니다
VirtualProtect() failed [87] 매개 변수가 틀립니다
VirtualProtect() failed [87] 매개 변수가 틀립니다
VirtualProtect() failed [87] 매개 변수가 틀립니다
VirtualProtect() failed [87] 매개 변수가 틀립니다
VirtualProtect() failed [87] 매개 변수가 틀립니다
VirtualProtect() failed [87] 매개 변수가 틀립니다
VirtualProtect() failed [87] 매개 변수가 틀립니다
VirtualProtect() failed [87] 매개 변수가 틀립니다
VirtualProtect() failed [87] 매개 변수가 틀립니다
VirtualProtect() failed [87] 매개 변수가 틀립니다
VirtualProtect() failed [87] 매개 변수가 틀립니다
VirtualProtect() failed [87] 매개 변수가 틀립니다
VirtualProtect() failed [87] 매개 변수가 틀립니다
VirtualProtect() failed [87] 매개 변수가 틀립니다
VirtualProtect() failed [87] 매개 변수가 틀립니다
VirtualProtect() failed [87] 매개 변수가 틀립니다
VirtualProtect() failed [87] 매개 변수가 틀립니다
VirtualProtect() failed [87] 매개 변수가 틀립니다
VirtualProtect() failed [87] 매개 변수가 틀립니다
VirtualProtect() failed [87] 매개 변수가 틀립니다
VirtualProtect() failed [87] 매개 변수가 틀립니다
VirtualProtect() failed [87] 매개 변수가 틀립니다
VirtualProtect() failed [87] 매개 변수가 틀립니다
VirtualProtect() failed [87] 매개 변수가 틀립니다
VirtualProtect() failed [87] 매개 변수가 틀립니다
VirtualProtect() failed [87] 매개 변수가 틀립니다
VirtualProtect() failed [87] 매개 변수가 틀립니다
VirtualProtect() failed [87] 매개 변수가 틀립니다
VirtualProtect() failed [87] 매개 변수가 틀립니다
VirtualProtect() failed [87] 매개 변수가 틀립니다
VirtualProtect() failed [87] 매개 변수가 틀립니다
VirtualProtect() failed [87] 매개 변수가 틀립니다
VirtualProtect() failed [87] 매개 변수가 틀립니다
VirtualProtect() failed [87] 매개 변수가 틀립니다
VirtualProtect() failed [87] 매개 변수가 틀립니다
VirtualProtect() failed [87] 매개 변수가 틀립니다
VirtualProtect() failed [87] 매개 변수가 틀립니다
VirtualProtect() failed [87] 매개 변수가 틀립니다
VirtualProtect() failed [87] 매개 변수가 틀립니다
VirtualProtect() failed [87] 매개 변수가 틀립니다
VirtualProtect() failed [87] 매개 변수가 틀립니다
VirtualProtect() failed [87] 매개 변수가 틀립니다
VirtualProtect() failed [87] 매개 변수가 틀립니다
VirtualProtect() failed [87] 매개 변수가 틀립니다
VirtualProtect() failed [87] 매개 변수가 틀립니다
VirtualProtect() failed [87] 매개 변수가 틀립니다
VirtualProtect() failed [87] 매개 변수가 틀립니다
VirtualProtect() failed [87] 매개 변수가 틀립니다
VirtualProtect() failed [87] 매개 변수가 틀립니다
VirtualProtect() failed [87] 매개 변수가 틀립니다
VirtualProtect() failed [87] 매개 변수가 틀립니다
VirtualProtect() failed [87] 매개 변수가 틀립니다
VirtualProtect() failed [87] 매개 변수가 틀립니다
VirtualProtect() failed [87] 매개 변수가 틀립니다
VirtualProtect() failed [87] 매개 변수가 틀립니다
VirtualProtect() failed [87] 매개 변수가 틀립니다
VirtualProtect() failed [87] 매개 변수가 틀립니다
VirtualProtect() failed [87] 매개 변수가 틀립니다
VirtualProtect() failed [87] 매개 변수가 틀립니다
VirtualProtect() failed [87] 매개 변수가 틀립니다
VirtualProtect() failed [87] 매개 변수가 틀립니다
VirtualProtect() failed [87] 매개 변수가 틀립니다
VirtualProtect() failed [87] 매개 변수가 틀립니다
VirtualProtect() failed [87] 매개 변수가 틀립니다
VirtualProtect() failed [87] 매개 변수가 틀립니다
VirtualProtect() failed [87] 매개 변수가 틀립니다
VirtualProtect() failed [87] 매개 변수가 틀립니다
VirtualProtect() failed [87] 매개 변수가 틀립니다
VirtualProtect() failed [87] 매개 변수가 틀립니다
VirtualProtect() failed [87] 매개 변수가 틀립니다
VirtualProtect() failed [87] 매개 변수가 틀립니다
VirtualProtect() failed [87] 매개 변수가 틀립니다
VirtualProtect() failed [87] 매개 변수가 틀립니다
VirtualProtect() failed [87] 매개 변수가 틀립니다
VirtualProtect() failed [87] 매개 변수가 틀립니다
VirtualProtect() failed [87] 매개 변수가 틀립니다
VirtualProtect() failed [87] 매개 변수가 틀립니다
VirtualProtect() failed [87] 매개 변수가 틀립니다
VirtualProtect() failed [87] 매개 변수가 틀립니다
VirtualProtect() failed [87] 매개 변수가 틀립니다
VirtualProtect() failed [87] 매개 변수가 틀립니다
VirtualProtect() failed [87] 매개 변수가 틀립니다
VirtualProtect() failed [87] 매개 변수가 틀립니다
VirtualProtect() failed [87] 매개 변수가 틀립니다
VirtualProtect() failed [87] 매개 변수가 틀립니다
VirtualProtect() failed [87] 매개 변수가 틀립니다
VirtualProtect() failed [87] 매개 변수가 틀립니다
VirtualProtect() failed [87] 매개 변수가 틀립니다
VirtualProtect() failed [87] 매개 변수가 틀립니다
VirtualProtect() failed [87] 매개 변수가 틀립니다
VirtualProtect() failed [87] 매개 변수가 틀립니다
VirtualProtect() failed [87] 매개 변수가 틀립니다
VirtualProtect() failed [87] 매개 변수가 틀립니다
VirtualProtect() failed [87] 매개 변수가 틀립니다
VirtualProtect() failed [87] 매개 변수가 틀립니다
VirtualProtect() failed [87] 매개 변수가 틀립니다
VirtualProtect() failed [87] 매개 변수가 틀립니다
VirtualProtect() failed [87] 매개 변수가 틀립니다
VirtualProtect() failed [87] 매개 변수가 틀립니다
VirtualProtect() failed [87] 매개 변수가 틀립니다
VirtualProtect() failed [87] 매개 변수가 틀립니다
VirtualProtect() failed [87] 매개 변수가 틀립니다
VirtualProtect() failed [87] 매개 변수가 틀립니다
VirtualProtect() failed [87] 매개 변수가 틀립니다
VirtualProtect() failed [87] 매개 변수가 틀립니다
VirtualProtect() failed [87] 매개 변수가 틀립니다
VirtualProtect() failed [87] 매개 변수가 틀립니다
VirtualProtect() failed [87] 매개 변수가 틀립니다
VirtualProtect() failed [87] 매개 변수가 틀립니다
VirtualProtect() failed [87] 매개 변수가 틀립니다
VirtualProtect() failed [87] 매개 변수가 틀립니다
VirtualProtect() failed [87] 매개 변수가 틀립니다
VirtualProtect() failed [87] 매개 변수가 틀립니다
VirtualProtect() failed [87] 매개 변수가 틀립니다
VirtualProtect() failed [87] 매개 변수가 틀립니다
VirtualProtect() failed [87] 매개 변수가 틀립니다
VirtualProtect() failed [87] 매개 변수가 틀립니다
VirtualProtect() failed [87] 매개 변수가 틀립니다
VirtualProtect() failed [87] 매개 변수가 틀립니다
VirtualProtect() failed [87] 매개 변수가 틀립니다
VirtualProtect() failed [87] 매개 변수가 틀립니다
VirtualProtect() failed [87] 매개 변수가 틀립니다
VirtualProtect() failed [87] 매개 변수가 틀립니다
VirtualProtect() failed [87] 매개 변수가 틀립니다
VirtualProtect() failed [87] 매개 변수가 틀립니다
VirtualProtect() failed [87] 매개 변수가 틀립니다
VirtualProtect() failed [87] 매개 변수가 틀립니다
VirtualProtect() failed [87] 매개 변수가 틀립니다
VirtualProtect() failed [87] 매개 변수가 틀립니다
VirtualProtect() failed [87] 매개 변수가 틀립니다
VirtualProtect() failed [87] 매개 변수가 틀립니다
VirtualProtect() failed [87] 매개 변수가 틀립니다
VirtualProtect() failed [87] 매개 변수가 틀립니다
VirtualProtect() failed [87] 매개 변수가 틀립니다
VirtualProtect() failed [87] 매개 변수가 틀립니다
VirtualProtect() failed [87] 매개 변수가 틀립니다
VirtualProtect() failed [87] 매개 변수가 틀립니다
VirtualProtect() failed [87] 매개 변수가 틀립니다
VirtualProtect() failed [87] 매개 변수가 틀립니다
VirtualProtect() failed [87] 매개 변수가 틀립니다
VirtualProtect() failed [87] 매개 변수가 틀립니다
VirtualProtect() failed [87] 매개 변수가 틀립니다
VirtualProtect() failed [87] 매개 변수가 틀립니다
VirtualProtect() failed [87] 매개 변수가 틀립니다
VirtualProtect() failed [87] 매개 변수가 틀립니다
VirtualProtect() failed [87] 매개 변수가 틀립니다
VirtualProtect() failed [87] 매개 변수가 틀립니다
VirtualProtect() failed [87] 매개 변수가 틀립니다
VirtualProtect() failed [87] 매개 변수가 틀립니다
VirtualProtect() failed [87] 매개 변수가 틀립니다
VirtualProtect() failed [87] 매개 변수가 틀립니다
VirtualProtect() failed [87] 매개 변수가 틀립니다
VirtualProtect() failed [87] 매개 변수가 틀립니다
VirtualProtect() failed [87] 매개 변수가 틀립니다
VirtualProtect() failed [87] 매개 변수가 틀립니다
VirtualProtect() failed [87] 매개 변수가 틀립니다
VirtualProtect() failed [87] 매개 변수가 틀립니다
VirtualProtect() failed [87] 매개 변수가 틀립니다
VirtualProtect() failed [87] 매개 변수가 틀립니다
VirtualProtect() failed [87] 매개 변수가 틀립니다
VirtualProtect() failed [87] 매개 변수가 틀립니다
VirtualProtect() failed [87] 매개 변수가 틀립니다
VirtualProtect() failed [87] 매개 변수가 틀립니다
VirtualProtect() failed [87] 매개 변수가 틀립니다
VirtualProtect() failed [87] 매개 변수가 틀립니다
VirtualProtect() failed [87] 매개 변수가 틀립니다
VirtualProtect() failed [87] 매개 변수가 틀립니다
VirtualProtect() failed [87] 매개 변수가 틀립니다
VirtualProtect() failed [87] 매개 변수가 틀립니다
VirtualProtect() failed [87] 매개 변수가 틀립니다
VirtualProtect() failed [87] 매개 변수가 틀립니다
VirtualProtect() failed [87] 매개 변수가 틀립니다
VirtualProtect() failed [87] 매개 변수가 틀립니다
VirtualProtect() failed [87] 매개 변수가 틀립니다
VirtualProtect() failed [87] 매개 변수가 틀립니다
VirtualProtect() failed [87] 매개 변수가 틀립니다
VirtualProtect() failed [87] 매개 변수가 틀립니다
VirtualProtect() failed [87] 매개 변수가 틀립니다
VirtualProtect() failed [87] 매개 변수가 틀립니다
VirtualProtect() failed [87] 매개 변수가 틀립니다
VirtualProtect() failed [87] 매개 변수가 틀립니다
VirtualProtect() failed [87] 매개 변수가 틀립니다
VirtualProtect() failed [87] 매개 변수가 틀립니다
VirtualProtect() failed [87] 매개 변수가 틀립니다
VirtualProtect() failed [87] 매개 변수가 틀립니다
VirtualProtect() failed [87] 매개 변수가 틀립니다
VirtualProtect() failed [87] 매개 변수가 틀립니다
VirtualProtect() failed [87] 매개 변수가 틀립니다
VirtualProtect() failed [87] 매개 변수가 틀립니다
VirtualProtect() failed [87] 매개 변수가 틀립니다
VirtualProtect() failed [87] 매개 변수가 틀립니다
VirtualProtect() failed [87] 매개 변수가 틀립니다
VirtualProtect() failed [87] 매개 변수가 틀립니다
VirtualProtect() failed [87] 매개 변수가 틀립니다
VirtualProtect() failed [87] 매개 변수가 틀립니다
VirtualProtect() failed [87] 매개 변수가 틀립니다
VirtualProtect() failed [87] 매개 변수가 틀립니다
VirtualProtect() failed [87] 매개 변수가 틀립니다
VirtualProtect() failed [87] 매개 변수가 틀립니다
VirtualProtect() failed [87] 매개 변수가 틀립니다
VirtualProtect() failed [87] 매개 변수가 틀립니다
VirtualProtect() failed [87] 매개 변수가 틀립니다
VirtualProtect() failed [87] 매개 변수가 틀립니다
VirtualProtect() failed [87] 매개 변수가 틀립니다
VirtualProtect() failed [87] 매개 변수가 틀립니다
VirtualProtect() failed [87] 매개 변수가 틀립니다
VirtualProtect() failed [87] 매개 변수가 틀립니다
VirtualProtect() failed [87] 매개 변수가 틀립니다
VirtualProtect() failed [87] 매개 변수가 틀립니다
VirtualProtect() failed [87] 매개 변수가 틀립니다
VirtualProtect() failed [87] 매개 변수가 틀립니다
VirtualProtect() failed [87] 매개 변수가 틀립니다
VirtualProtect() failed [87] 매개 변수가 틀립니다
VirtualProtect() failed [87] 매개 변수가 틀립니다
VirtualProtect() failed [87] 매개 변수가 틀립니다
VirtualProtect() failed [87] 매개 변수가 틀립니다
VirtualProtect() failed [87] 매개 변수가 틀립니다
VirtualProtect() failed [87] 매개 변수가 틀립니다
VirtualProtect() failed [87] 매개 변수가 틀립니다
VirtualProtect() failed [87] 매개 변수가 틀립니다
VirtualProtect() failed [87] 매개 변수가 틀립니다
VirtualProtect() failed [87] 매개 변수가 틀립니다
VirtualProtect() failed [87] 매개 변수가 틀립니다
VirtualProtect() failed [87] 매개 변수가 틀립니다
VirtualProtect() failed [87] 매개 변수가 틀립니다
VirtualProtect() failed [87] 매개 변수가 틀립니다
VirtualProtect() failed [87] 매개 변수가 틀립니다
VirtualProtect() failed [87] 매개 변수가 틀립니다
VirtualProtect() failed [87] 매개 변수가 틀립니다
VirtualProtect() failed [87] 매개 변수가 틀립니다
VirtualProtect() failed [87] 매개 변수가 틀립니다
VirtualProtect() failed [87] 매개 변수가 틀립니다
VirtualProtect() failed [87] 매개 변수가 틀립니다
VirtualProtect() failed [87] 매개 변수가 틀립니다
VirtualProtect() failed [87] 매개 변수가 틀립니다
VirtualProtect() failed [87] 매개 변수가 틀립니다
VirtualProtect() failed [87] 매개 변수가 틀립니다
VirtualProtect() failed [87] 매개 변수가 틀립니다
VirtualProtect() failed [87] 매개 변수가 틀립니다
VirtualProtect() failed [87] 매개 변수가 틀립니다
VirtualProtect() failed [87] 매개 변수가 틀립니다
VirtualProtect() failed [87] 매개 변수가 틀립니다
VirtualProtect() failed [87] 매개 변수가 틀립니다
VirtualProtect() failed [87] 매개 변수가 틀립니다
VirtualProtect() failed [87] 매개 변수가 틀립니다
VirtualProtect() failed [87] 매개 변수가 틀립니다
VirtualProtect() failed [87] 매개 변수가 틀립니다
VirtualProtect() failed [87] 매개 변수가 틀립니다
VirtualProtect() failed [87] 매개 변수가 틀립니다
VirtualProtect() failed [87] 매개 변수가 틀립니다
VirtualProtect() failed [87] 매개 변수가 틀립니다
VirtualProtect() failed [87] 매개 변수가 틀립니다
VirtualProtect() failed [87] 매개 변수가 틀립니다
VirtualProtect() failed [87] 매개 변수가 틀립니다
VirtualProtect() failed [87] 매개 변수가 틀립니다
VirtualProtect() failed [87] 매개 변수가 틀립니다
VirtualProtect() failed [87] 매개 변수가 틀립니다
VirtualProtect() failed [87] 매개 변수가 틀립니다
VirtualProtect() failed [87] 매개 변수가 틀립니다
VirtualProtect() failed [87] 매개 변수가 틀립니다
VirtualProtect() failed [87] 매개 변수가 틀립니다
VirtualProtect() failed [87] 매개 변수가 틀립니다
VirtualProtect() failed [87] 매개 변수가 틀립니다
VirtualProtect() failed [87] 매개 변수가 틀립니다
VirtualProtect() failed [87] 매개 변수가 틀립니다
VirtualProtect() failed [87] 매개 변수가 틀립니다
VirtualProtect() failed [87] 매개 변수가 틀립니다
VirtualProtect() failed [87] 매개 변수가 틀립니다
VirtualProtect() failed [87] 매개 변수가 틀립니다
VirtualProtect() failed [87] 매개 변수가 틀립니다
VirtualProtect() failed [87] 매개 변수가 틀립니다
VirtualProtect() failed [87] 매개 변수가 틀립니다
VirtualProtect() failed [87] 매개 변수가 틀립니다
VirtualProtect() failed [87] 매개 변수가 틀립니다
VirtualProtect() failed [87] 매개 변수가 틀립니다
VirtualProtect() failed [87] 매개 변수가 틀립니다
VirtualProtect() failed [87] 매개 변수가 틀립니다
VirtualProtect() failed [87] 매개 변수가 틀립니다
[Fri Mar 18 19:52:50.180659 2022] [mpm_winnt:notice] [pid 3984:tid 560] AH00428: Parent: child process 5564 exited with status 3221226356 -- Restarting.
[Fri Mar 18 19:52:51.415106 2022] [ssl:warn] [pid 3984:tid 560] AH01909: localhost:443:0 server certificate does NOT include an ID which matches the server name
[Fri Mar 18 19:52:51.679737 2022] [mpm_winnt:notice] [pid 3984:tid 560] AH00455: Apache/2.4.52 (Win64) OpenSSL/1.1.1m PHP/8.1.3 configured -- resuming normal operations
[Fri Mar 18 19:52:51.679737 2022] [mpm_winnt:notice] [pid 3984:tid 560] AH00456: Apache Lounge VS16 Server built: Dec 17 2021 10:17:38
[Fri Mar 18 19:52:51.679737 2022] [core:notice] [pid 3984:tid 560] AH00094: Command line: 'C:\\Bitnami\\WAMPST~1.3-0\\apache2\\bin\\httpd.exe -d C:/Bitnami/wampstack-8.1.3-0/apache2 -f C:\\Bitnami\\WAMPST~1.3-0\\apache2\\conf\\httpd.conf'
[Fri Mar 18 19:52:51.724657 2022] [mpm_winnt:notice] [pid 3984:tid 560] AH00418: Parent: Created child process 8128
[Fri Mar 18 19:52:52.383796 2022] [ssl:warn] [pid 8128:tid 600] AH01909: localhost:443:0 server certificate does NOT include an ID which matches the server name
[Fri Mar 18 19:52:52.447278 2022] [ssl:warn] [pid 8128:tid 600] AH01909: localhost:443:0 server certificate does NOT include an ID which matches the server name
[Fri Mar 18 19:52:52.517576 2022] [mpm_winnt:notice] [pid 8128:tid 600] AH00354: Child: Starting 64 worker threads.
VirtualProtect() failed [87] 매개 변수가 틀립니다
VirtualProtect() failed [87] 매개 변수가 틀립니다
VirtualProtect() failed [87] 매개 변수가 틀립니다
VirtualProtect() failed [87] 매개 변수가 틀립니다
VirtualProtect() failed [87] 매개 변수가 틀립니다
VirtualProtect() failed [87] 매개 변수가 틀립니다
VirtualProtect() failed [87] 매개 변수가 틀립니다
VirtualProtect() failed [87] 매개 변수가 틀립니다
VirtualProtect() failed [87] 매개 변수가 틀립니다
VirtualProtect() failed [87] 매개 변수가 틀립니다
VirtualProtect() failed [87] 매개 변수가 틀립니다
VirtualProtect() failed [87] 매개 변수가 틀립니다
VirtualProtect() failed [87] 매개 변수가 틀립니다
VirtualProtect() failed [87] 매개 변수가 틀립니다
VirtualProtect() failed [87] 매개 변수가 틀립니다
VirtualProtect() failed [87] 매개 변수가 틀립니다
VirtualProtect() failed [87] 매개 변수가 틀립니다
VirtualProtect() failed [87] 매개 변수가 틀립니다
VirtualProtect() failed [87] 매개 변수가 틀립니다
VirtualProtect() failed [87] 매개 변수가 틀립니다
VirtualProtect() failed [87] 매개 변수가 틀립니다
VirtualProtect() failed [87] 매개 변수가 틀립니다
VirtualProtect() failed [87] 매개 변수가 틀립니다
VirtualProtect() failed [87] 매개 변수가 틀립니다
VirtualProtect() failed [87] 매개 변수가 틀립니다
VirtualProtect() failed [87] 매개 변수가 틀립니다
VirtualProtect() failed [87] 매개 변수가 틀립니다
VirtualProtect() failed [87] 매개 변수가 틀립니다
VirtualProtect() failed [87] 매개 변수가 틀립니다
VirtualProtect() failed [87] 매개 변수가 틀립니다
VirtualProtect() failed [87] 매개 변수가 틀립니다
VirtualProtect() failed [87] 매개 변수가 틀립니다
VirtualProtect() failed [87] 매개 변수가 틀립니다
VirtualProtect() failed [87] 매개 변수가 틀립니다
VirtualProtect() failed [87] 매개 변수가 틀립니다
VirtualProtect() failed [87] 매개 변수가 틀립니다
VirtualProtect() failed [87] 매개 변수가 틀립니다
VirtualProtect() failed [87] 매개 변수가 틀립니다
VirtualProtect() failed [87] 매개 변수가 틀립니다
VirtualProtect() failed [87] 매개 변수가 틀립니다
VirtualProtect() failed [87] 매개 변수가 틀립니다
VirtualProtect() failed [87] 매개 변수가 틀립니다
VirtualProtect() failed [87] 매개 변수가 틀립니다
VirtualProtect() failed [87] 매개 변수가 틀립니다
VirtualProtect() failed [87] 매개 변수가 틀립니다
VirtualProtect() failed [87] 매개 변수가 틀립니다
VirtualProtect() failed [87] 매개 변수가 틀립니다
VirtualProtect() failed [87] 매개 변수가 틀립니다
VirtualProtect() failed [87] 매개 변수가 틀립니다
VirtualProtect() failed [87] 매개 변수가 틀립니다
VirtualProtect() failed [87] 매개 변수가 틀립니다
VirtualProtect() failed [87] 매개 변수가 틀립니다
VirtualProtect() failed [87] 매개 변수가 틀립니다
VirtualProtect() failed [87] 매개 변수가 틀립니다
VirtualProtect() failed [87] 매개 변수가 틀립니다
VirtualProtect() failed [87] 매개 변수가 틀립니다
VirtualProtect() failed [87] 매개 변수가 틀립니다
VirtualProtect() failed [87] 매개 변수가 틀립니다
VirtualProtect() failed [87] 매개 변수가 틀립니다
VirtualProtect() failed [87] 매개 변수가 틀립니다
VirtualProtect() failed [87] 매개 변수가 틀립니다
VirtualProtect() failed [87] 매개 변수가 틀립니다
VirtualProtect() failed [87] 매개 변수가 틀립니다
VirtualProtect() failed [87] 매개 변수가 틀립니다
VirtualProtect() failed [87] 매개 변수가 틀립니다
VirtualProtect() failed [87] 매개 변수가 틀립니다
VirtualProtect() failed [87] 매개 변수가 틀립니다
VirtualProtect() failed [87] 매개 변수가 틀립니다
VirtualProtect() failed [87] 매개 변수가 틀립니다
VirtualProtect() failed [87] 매개 변수가 틀립니다
VirtualProtect() failed [87] 매개 변수가 틀립니다
VirtualProtect() failed [87] 매개 변수가 틀립니다
VirtualProtect() failed [87] 매개 변수가 틀립니다
VirtualProtect() failed [87] 매개 변수가 틀립니다
VirtualProtect() failed [87] 매개 변수가 틀립니다
VirtualProtect() failed [87] 매개 변수가 틀립니다
VirtualProtect() failed [87] 매개 변수가 틀립니다
VirtualProtect() failed [87] 매개 변수가 틀립니다
VirtualProtect() failed [87] 매개 변수가 틀립니다
VirtualProtect() failed [87] 매개 변수가 틀립니다
VirtualProtect() failed [87] 매개 변수가 틀립니다
VirtualProtect() failed [87] 매개 변수가 틀립니다
VirtualProtect() failed [87] 매개 변수가 틀립니다
VirtualProtect() failed [87] 매개 변수가 틀립니다
VirtualProtect() failed [87] 매개 변수가 틀립니다
VirtualProtect() failed [87] 매개 변수가 틀립니다
VirtualProtect() failed [87] 매개 변수가 틀립니다
VirtualProtect() failed [87] 매개 변수가 틀립니다
VirtualProtect() failed [87] 매개 변수가 틀립니다
VirtualProtect() failed [87] 매개 변수가 틀립니다
VirtualProtect() failed [87] 매개 변수가 틀립니다
VirtualProtect() failed [87] 매개 변수가 틀립니다
VirtualProtect() failed [87] 매개 변수가 틀립니다
VirtualProtect() failed [87] 매개 변수가 틀립니다
VirtualProtect() failed [87] 매개 변수가 틀립니다
VirtualProtect() failed [87] 매개 변수가 틀립니다
VirtualProtect() failed [87] 매개 변수가 틀립니다
VirtualProtect() failed [87] 매개 변수가 틀립니다
VirtualProtect() failed [87] 매개 변수가 틀립니다
VirtualProtect() failed [87] 매개 변수가 틀립니다
VirtualProtect() failed [87] 매개 변수가 틀립니다
VirtualProtect() failed [87] 매개 변수가 틀립니다
VirtualProtect() failed [87] 매개 변수가 틀립니다
VirtualProtect() failed [87] 매개 변수가 틀립니다
VirtualProtect() failed [87] 매개 변수가 틀립니다
VirtualProtect() failed [87] 매개 변수가 틀립니다
VirtualProtect() failed [87] 매개 변수가 틀립니다
VirtualProtect() failed [87] 매개 변수가 틀립니다
VirtualProtect() failed [87] 매개 변수가 틀립니다
VirtualProtect() failed [87] 매개 변수가 틀립니다
VirtualProtect() failed [87] 매개 변수가 틀립니다
VirtualProtect() failed [87] 매개 변수가 틀립니다
VirtualProtect() failed [87] 매개 변수가 틀립니다
VirtualProtect() failed [87] 매개 변수가 틀립니다
VirtualProtect() failed [87] 매개 변수가 틀립니다
VirtualProtect() failed [87] 매개 변수가 틀립니다
VirtualProtect() failed [87] 매개 변수가 틀립니다
VirtualProtect() failed [87] 매개 변수가 틀립니다
VirtualProtect() failed [87] 매개 변수가 틀립니다
VirtualProtect() failed [87] 매개 변수가 틀립니다
VirtualProtect() failed [87] 매개 변수가 틀립니다
VirtualProtect() failed [87] 매개 변수가 틀립니다
VirtualProtect() failed [87] 매개 변수가 틀립니다
VirtualProtect() failed [87] 매개 변수가 틀립니다
VirtualProtect() failed [87] 매개 변수가 틀립니다
VirtualProtect() failed [87] 매개 변수가 틀립니다
VirtualProtect() failed [87] 매개 변수가 틀립니다
VirtualProtect() failed [87] 매개 변수가 틀립니다
VirtualProtect() failed [87] 매개 변수가 틀립니다
VirtualProtect() failed [87] 매개 변수가 틀립니다
VirtualProtect() failed [87] 매개 변수가 틀립니다
VirtualProtect() failed [87] 매개 변수가 틀립니다
VirtualProtect() failed [87] 매개 변수가 틀립니다
VirtualProtect() failed [87] 매개 변수가 틀립니다
VirtualProtect() failed [87] 매개 변수가 틀립니다
VirtualProtect() failed [87] 매개 변수가 틀립니다
VirtualProtect() failed [87] 매개 변수가 틀립니다
VirtualProtect() failed [87] 매개 변수가 틀립니다
VirtualProtect() failed [87] 매개 변수가 틀립니다
VirtualProtect() failed [87] 매개 변수가 틀립니다
VirtualProtect() failed [87] 매개 변수가 틀립니다
VirtualProtect() failed [87] 매개 변수가 틀립니다
VirtualProtect() failed [87] 매개 변수가 틀립니다
VirtualProtect() failed [87] 매개 변수가 틀립니다
VirtualProtect() failed [87] 매개 변수가 틀립니다
VirtualProtect() failed [87] 매개 변수가 틀립니다
VirtualProtect() failed [87] 매개 변수가 틀립니다
VirtualProtect() failed [87] 매개 변수가 틀립니다
VirtualProtect() failed [87] 매개 변수가 틀립니다
VirtualProtect() failed [87] 매개 변수가 틀립니다
VirtualProtect() failed [87] 매개 변수가 틀립니다
VirtualProtect() failed [87] 매개 변수가 틀립니다
VirtualProtect() failed [87] 매개 변수가 틀립니다
VirtualProtect() failed [87] 매개 변수가 틀립니다
VirtualProtect() failed [87] 매개 변수가 틀립니다
VirtualProtect() failed [87] 매개 변수가 틀립니다
VirtualProtect() failed [87] 매개 변수가 틀립니다
VirtualProtect() failed [87] 매개 변수가 틀립니다
VirtualProtect() failed [87] 매개 변수가 틀립니다
VirtualProtect() failed [87] 매개 변수가 틀립니다
VirtualProtect() failed [87] 매개 변수가 틀립니다
VirtualProtect() failed [87] 매개 변수가 틀립니다
VirtualProtect() failed [87] 매개 변수가 틀립니다
VirtualProtect() failed [87] 매개 변수가 틀립니다
VirtualProtect() failed [87] 매개 변수가 틀립니다
VirtualProtect() failed [87] 매개 변수가 틀립니다
VirtualProtect() failed [87] 매개 변수가 틀립니다
VirtualProtect() failed [87] 매개 변수가 틀립니다
VirtualProtect() failed [87] 매개 변수가 틀립니다
VirtualProtect() failed [87] 매개 변수가 틀립니다
VirtualProtect() failed [87] 매개 변수가 틀립니다
VirtualProtect() failed [87] 매개 변수가 틀립니다
VirtualProtect() failed [87] 매개 변수가 틀립니다
VirtualProtect() failed [87] 매개 변수가 틀립니다
VirtualProtect() failed [87] 매개 변수가 틀립니다
VirtualProtect() failed [87] 매개 변수가 틀립니다
VirtualProtect() failed [87] 매개 변수가 틀립니다
VirtualProtect() failed [87] 매개 변수가 틀립니다
VirtualProtect() failed [87] 매개 변수가 틀립니다
VirtualProtect() failed [87] 매개 변수가 틀립니다
VirtualProtect() failed [87] 매개 변수가 틀립니다
VirtualProtect() failed [87] 매개 변수가 틀립니다
VirtualProtect() failed [87] 매개 변수가 틀립니다
VirtualProtect() failed [87] 매개 변수가 틀립니다
VirtualProtect() failed [87] 매개 변수가 틀립니다
VirtualProtect() failed [87] 매개 변수가 틀립니다
VirtualProtect() failed [87] 매개 변수가 틀립니다
VirtualProtect() failed [87] 매개 변수가 틀립니다
VirtualProtect() failed [87] 매개 변수가 틀립니다
VirtualProtect() failed [87] 매개 변수가 틀립니다
VirtualProtect() failed [87] 매개 변수가 틀립니다
VirtualProtect() failed [87] 매개 변수가 틀립니다
VirtualProtect() failed [87] 매개 변수가 틀립니다
VirtualProtect() failed [87] 매개 변수가 틀립니다
VirtualProtect() failed [87] 매개 변수가 틀립니다
VirtualProtect() failed [87] 매개 변수가 틀립니다
VirtualProtect() failed [87] 매개 변수가 틀립니다
VirtualProtect() failed [87] 매개 변수가 틀립니다
VirtualProtect() failed [87] 매개 변수가 틀립니다
VirtualProtect() failed [87] 매개 변수가 틀립니다
VirtualProtect() failed [87] 매개 변수가 틀립니다
VirtualProtect() failed [87] 매개 변수가 틀립니다
VirtualProtect() failed [87] 매개 변수가 틀립니다
VirtualProtect() failed [87] 매개 변수가 틀립니다
VirtualProtect() failed [87] 매개 변수가 틀립니다
VirtualProtect() failed [87] 매개 변수가 틀립니다
VirtualProtect() failed [87] 매개 변수가 틀립니다
VirtualProtect() failed [87] 매개 변수가 틀립니다
VirtualProtect() failed [87] 매개 변수가 틀립니다
VirtualProtect() failed [87] 매개 변수가 틀립니다
VirtualProtect() failed [87] 매개 변수가 틀립니다
VirtualProtect() failed [87] 매개 변수가 틀립니다
VirtualProtect() failed [87] 매개 변수가 틀립니다
VirtualProtect() failed [87] 매개 변수가 틀립니다
VirtualProtect() failed [87] 매개 변수가 틀립니다
VirtualProtect() failed [87] 매개 변수가 틀립니다
VirtualProtect() failed [87] 매개 변수가 틀립니다
VirtualProtect() failed [87] 매개 변수가 틀립니다
VirtualProtect() failed [87] 매개 변수가 틀립니다
VirtualProtect() failed [87] 매개 변수가 틀립니다
VirtualProtect() failed [87] 매개 변수가 틀립니다
VirtualProtect() failed [87] 매개 변수가 틀립니다
VirtualProtect() failed [87] 매개 변수가 틀립니다
VirtualProtect() failed [87] 매개 변수가 틀립니다
VirtualProtect() failed [87] 매개 변수가 틀립니다
VirtualProtect() failed [87] 매개 변수가 틀립니다
VirtualProtect() failed [87] 매개 변수가 틀립니다
VirtualProtect() failed [87] 매개 변수가 틀립니다
VirtualProtect() failed [87] 매개 변수가 틀립니다
VirtualProtect() failed [87] 매개 변수가 틀립니다
VirtualProtect() failed [87] 매개 변수가 틀립니다
VirtualProtect() failed [87] 매개 변수가 틀립니다
VirtualProtect() failed [87] 매개 변수가 틀립니다
VirtualProtect() failed [87] 매개 변수가 틀립니다
VirtualProtect() failed [87] 매개 변수가 틀립니다
VirtualProtect() failed [87] 매개 변수가 틀립니다
VirtualProtect() failed [87] 매개 변수가 틀립니다
VirtualProtect() failed [87] 매개 변수가 틀립니다
VirtualProtect() failed [87] 매개 변수가 틀립니다
VirtualProtect() failed [87] 매개 변수가 틀립니다
VirtualProtect() failed [87] 매개 변수가 틀립니다
VirtualProtect() failed [87] 매개 변수가 틀립니다
VirtualProtect() failed [87] 매개 변수가 틀립니다
VirtualProtect() failed [87] 매개 변수가 틀립니다
VirtualProtect() failed [87] 매개 변수가 틀립니다
VirtualProtect() failed [87] 매개 변수가 틀립니다
VirtualProtect() failed [87] 매개 변수가 틀립니다
VirtualProtect() failed [87] 매개 변수가 틀립니다
VirtualProtect() failed [87] 매개 변수가 틀립니다
VirtualProtect() failed [87] 매개 변수가 틀립니다
VirtualProtect() failed [87] 매개 변수가 틀립니다
VirtualProtect() failed [87] 매개 변수가 틀립니다
VirtualProtect() failed [87] 매개 변수가 틀립니다
VirtualProtect() failed [87] 매개 변수가 틀립니다
VirtualProtect() failed [87] 매개 변수가 틀립니다
VirtualProtect() failed [87] 매개 변수가 틀립니다
VirtualProtect() failed [87] 매개 변수가 틀립니다
VirtualProtect() failed [87] 매개 변수가 틀립니다
VirtualProtect() failed [87] 매개 변수가 틀립니다
VirtualProtect() failed [87] 매개 변수가 틀립니다
VirtualProtect() failed [87] 매개 변수가 틀립니다
VirtualProtect() failed [87] 매개 변수가 틀립니다
VirtualProtect() failed [87] 매개 변수가 틀립니다
VirtualProtect() failed [87] 매개 변수가 틀립니다
VirtualProtect() failed [87] 매개 변수가 틀립니다
VirtualProtect() failed [87] 매개 변수가 틀립니다
VirtualProtect() failed [87] 매개 변수가 틀립니다
VirtualProtect() failed [87] 매개 변수가 틀립니다
VirtualProtect() failed [87] 매개 변수가 틀립니다
VirtualProtect() failed [87] 매개 변수가 틀립니다
VirtualProtect() failed [87] 매개 변수가 틀립니다
VirtualProtect() failed [87] 매개 변수가 틀립니다
VirtualProtect() failed [87] 매개 변수가 틀립니다
VirtualProtect() failed [87] 매개 변수가 틀립니다
VirtualProtect() failed [87] 매개 변수가 틀립니다
VirtualProtect() failed [87] 매개 변수가 틀립니다
VirtualProtect() failed [87] 매개 변수가 틀립니다
VirtualProtect() failed [87] 매개 변수가 틀립니다
VirtualProtect() failed [87] 매개 변수가 틀립니다
VirtualProtect() failed [87] 매개 변수가 틀립니다
VirtualProtect() failed [87] 매개 변수가 틀립니다
VirtualProtect() failed [87] 매개 변수가 틀립니다
VirtualProtect() failed [87] 매개 변수가 틀립니다
VirtualProtect() failed [87] 매개 변수가 틀립니다
VirtualProtect() failed [87] 매개 변수가 틀립니다
VirtualProtect() failed [87] 매개 변수가 틀립니다
VirtualProtect() failed [87] 매개 변수가 틀립니다
VirtualProtect() failed [87] 매개 변수가 틀립니다
VirtualProtect() failed [87] 매개 변수가 틀립니다
VirtualProtect() failed [87] 매개 변수가 틀립니다
VirtualProtect() failed [87] 매개 변수가 틀립니다
VirtualProtect() failed [87] 매개 변수가 틀립니다
VirtualProtect() failed [87] 매개 변수가 틀립니다
VirtualProtect() failed [87] 매개 변수가 틀립니다
VirtualProtect() failed [87] 매개 변수가 틀립니다
VirtualProtect() failed [87] 매개 변수가 틀립니다
VirtualProtect() failed [87] 매개 변수가 틀립니다
VirtualProtect() failed [87] 매개 변수가 틀립니다
VirtualProtect() failed [87] 매개 변수가 틀립니다
VirtualProtect() failed [87] 매개 변수가 틀립니다
VirtualProtect() failed [87] 매개 변수가 틀립니다
VirtualProtect() failed [87] 매개 변수가 틀립니다
VirtualProtect() failed [87] 매개 변수가 틀립니다
VirtualProtect() failed [87] 매개 변수가 틀립니다
VirtualProtect() failed [87] 매개 변수가 틀립니다
VirtualProtect() failed [87] 매개 변수가 틀립니다
VirtualProtect() failed [87] 매개 변수가 틀립니다
VirtualProtect() failed [87] 매개 변수가 틀립니다
VirtualProtect() failed [87] 매개 변수가 틀립니다
VirtualProtect() failed [87] 매개 변수가 틀립니다
VirtualProtect() failed [87] 매개 변수가 틀립니다
VirtualProtect() failed [87] 매개 변수가 틀립니다
VirtualProtect() failed [87] 매개 변수가 틀립니다
VirtualProtect() failed [87] 매개 변수가 틀립니다
VirtualProtect() failed [87] 매개 변수가 틀립니다
VirtualProtect() failed [87] 매개 변수가 틀립니다
VirtualProtect() failed [87] 매개 변수가 틀립니다
VirtualProtect() failed [87] 매개 변수가 틀립니다
VirtualProtect() failed [87] 매개 변수가 틀립니다
VirtualProtect() failed [87] 매개 변수가 틀립니다
VirtualProtect() failed [87] 매개 변수가 틀립니다
VirtualProtect() failed [87] 매개 변수가 틀립니다
VirtualProtect() failed [87] 매개 변수가 틀립니다
VirtualProtect() failed [87] 매개 변수가 틀립니다
VirtualProtect() failed [87] 매개 변수가 틀립니다
VirtualProtect() failed [87] 매개 변수가 틀립니다
VirtualProtect() failed [87] 매개 변수가 틀립니다
VirtualProtect() failed [87] 매개 변수가 틀립니다
VirtualProtect() failed [87] 매개 변수가 틀립니다
VirtualProtect() failed [87] 매개 변수가 틀립니다
VirtualProtect() failed [87] 매개 변수가 틀립니다
VirtualProtect() failed [87] 매개 변수가 틀립니다
VirtualProtect() failed [87] 매개 변수가 틀립니다
VirtualProtect() failed [87] 매개 변수가 틀립니다
VirtualProtect() failed [87] 매개 변수가 틀립니다
VirtualProtect() failed [87] 매개 변수가 틀립니다
VirtualProtect() failed [87] 매개 변수가 틀립니다
VirtualProtect() failed [87] 매개 변수가 틀립니다
VirtualProtect() failed [87] 매개 변수가 틀립니다
VirtualProtect() failed [87] 매개 변수가 틀립니다
VirtualProtect() failed [87] 매개 변수가 틀립니다
VirtualProtect() failed [87] 매개 변수가 틀립니다
VirtualProtect() failed [87] 매개 변수가 틀립니다
VirtualProtect() failed [87] 매개 변수가 틀립니다
VirtualProtect() failed [87] 매개 변수가 틀립니다
VirtualProtect() failed [87] 매개 변수가 틀립니다
VirtualProtect() failed [87] 매개 변수가 틀립니다
VirtualProtect() failed [87] 매개 변수가 틀립니다
VirtualProtect() failed [87] 매개 변수가 틀립니다
VirtualProtect() failed [87] 매개 변수가 틀립니다
VirtualProtect() failed [87] 매개 변수가 틀립니다
VirtualProtect() failed [87] 매개 변수가 틀립니다
VirtualProtect() failed [87] 매개 변수가 틀립니다
VirtualProtect() failed [87] 매개 변수가 틀립니다
VirtualProtect() failed [87] 매개 변수가 틀립니다
VirtualProtect() failed [87] 매개 변수가 틀립니다
VirtualProtect() failed [87] 매개 변수가 틀립니다
VirtualProtect() failed [87] 매개 변수가 틀립니다
VirtualProtect() failed [87] 매개 변수가 틀립니다
VirtualProtect() failed [87] 매개 변수가 틀립니다
VirtualProtect() failed [87] 매개 변수가 틀립니다
VirtualProtect() failed [87] 매개 변수가 틀립니다
VirtualProtect() failed [87] 매개 변수가 틀립니다
VirtualProtect() failed [87] 매개 변수가 틀립니다
VirtualProtect() failed [87] 매개 변수가 틀립니다
VirtualProtect() failed [87] 매개 변수가 틀립니다
VirtualProtect() failed [87] 매개 변수가 틀립니다
VirtualProtect() failed [87] 매개 변수가 틀립니다
VirtualProtect() failed [87] 매개 변수가 틀립니다
VirtualProtect() failed [87] 매개 변수가 틀립니다
VirtualProtect() failed [87] 매개 변수가 틀립니다
VirtualProtect() failed [87] 매개 변수가 틀립니다
VirtualProtect() failed [87] 매개 변수가 틀립니다
VirtualProtect() failed [87] 매개 변수가 틀립니다
VirtualProtect() failed [87] 매개 변수가 틀립니다
VirtualProtect() failed [87] 매개 변수가 틀립니다
VirtualProtect() failed [87] 매개 변수가 틀립니다
VirtualProtect() failed [87] 매개 변수가 틀립니다
VirtualProtect() failed [87] 매개 변수가 틀립니다
VirtualProtect() failed [87] 매개 변수가 틀립니다
VirtualProtect() failed [87] 매개 변수가 틀립니다
VirtualProtect() failed [87] 매개 변수가 틀립니다
VirtualProtect() failed [87] 매개 변수가 틀립니다
VirtualProtect() failed [87] 매개 변수가 틀립니다
VirtualProtect() failed [87] 매개 변수가 틀립니다
VirtualProtect() failed [87] 매개 변수가 틀립니다
VirtualProtect() failed [87] 매개 변수가 틀립니다
VirtualProtect() failed [87] 매개 변수가 틀립니다
VirtualProtect() failed [87] 매개 변수가 틀립니다
VirtualProtect() failed [87] 매개 변수가 틀립니다
VirtualProtect() failed [87] 매개 변수가 틀립니다
VirtualProtect() failed [87] 매개 변수가 틀립니다
VirtualProtect() failed [87] 매개 변수가 틀립니다
VirtualProtect() failed [87] 매개 변수가 틀립니다
VirtualProtect() failed [87] 매개 변수가 틀립니다
VirtualProtect() failed [87] 매개 변수가 틀립니다
VirtualProtect() failed [87] 매개 변수가 틀립니다
VirtualProtect() failed [87] 매개 변수가 틀립니다
VirtualProtect() failed [87] 매개 변수가 틀립니다
VirtualProtect() failed [87] 매개 변수가 틀립니다
VirtualProtect() failed [87] 매개 변수가 틀립니다
VirtualProtect() failed [87] 매개 변수가 틀립니다
VirtualProtect() failed [87] 매개 변수가 틀립니다
VirtualProtect() failed [87] 매개 변수가 틀립니다
VirtualProtect() failed [87] 매개 변수가 틀립니다
VirtualProtect() failed [87] 매개 변수가 틀립니다
VirtualProtect() failed [87] 매개 변수가 틀립니다
VirtualProtect() failed [87] 매개 변수가 틀립니다
VirtualProtect() failed [87] 매개 변수가 틀립니다
VirtualProtect() failed [87] 매개 변수가 틀립니다
VirtualProtect() failed [87] 매개 변수가 틀립니다
VirtualProtect() failed [87] 매개 변수가 틀립니다
VirtualProtect() failed [87] 매개 변수가 틀립니다
VirtualProtect() failed [87] 매개 변수가 틀립니다
VirtualProtect() failed [87] 매개 변수가 틀립니다
VirtualProtect() failed [87] 매개 변수가 틀립니다
VirtualProtect() failed [87] 매개 변수가 틀립니다
VirtualProtect() failed [87] 매개 변수가 틀립니다
VirtualProtect() failed [87] 매개 변수가 틀립니다
VirtualProtect() failed [87] 매개 변수가 틀립니다
VirtualProtect() failed [87] 매개 변수가 틀립니다
VirtualProtect() failed [87] 매개 변수가 틀립니다
VirtualProtect() failed [87] 매개 변수가 틀립니다
VirtualProtect() failed [87] 매개 변수가 틀립니다
VirtualProtect() failed [87] 매개 변수가 틀립니다
VirtualProtect() failed [87] 매개 변수가 틀립니다
VirtualProtect() failed [87] 매개 변수가 틀립니다
VirtualProtect() failed [87] 매개 변수가 틀립니다
VirtualProtect() failed [87] 매개 변수가 틀립니다
VirtualProtect() failed [87] 매개 변수가 틀립니다
VirtualProtect() failed [87] 매개 변수가 틀립니다
VirtualProtect() failed [87] 매개 변수가 틀립니다
VirtualProtect() failed [87] 매개 변수가 틀립니다
VirtualProtect() failed [87] 매개 변수가 틀립니다
VirtualProtect() failed [87] 매개 변수가 틀립니다
VirtualProtect() failed [87] 매개 변수가 틀립니다
VirtualProtect() failed [87] 매개 변수가 틀립니다
VirtualProtect() failed [87] 매개 변수가 틀립니다
VirtualProtect() failed [87] 매개 변수가 틀립니다
VirtualProtect() failed [87] 매개 변수가 틀립니다
VirtualProtect() failed [87] 매개 변수가 틀립니다
VirtualProtect() failed [87] 매개 변수가 틀립니다
VirtualProtect() failed [87] 매개 변수가 틀립니다
VirtualProtect() failed [87] 매개 변수가 틀립니다
VirtualProtect() failed [87] 매개 변수가 틀립니다
VirtualProtect() failed [87] 매개 변수가 틀립니다
VirtualProtect() failed [87] 매개 변수가 틀립니다
VirtualProtect() failed [87] 매개 변수가 틀립니다
VirtualProtect() failed [87] 매개 변수가 틀립니다
VirtualProtect() failed [87] 매개 변수가 틀립니다
VirtualProtect() failed [87] 매개 변수가 틀립니다
VirtualProtect() failed [87] 매개 변수가 틀립니다
VirtualProtect() failed [87] 매개 변수가 틀립니다
VirtualProtect() failed [87] 매개 변수가 틀립니다
VirtualProtect() failed [87] 매개 변수가 틀립니다
VirtualProtect() failed [87] 매개 변수가 틀립니다
VirtualProtect() failed [87] 매개 변수가 틀립니다
VirtualProtect() failed [87] 매개 변수가 틀립니다
VirtualProtect() failed [87] 매개 변수가 틀립니다
VirtualProtect() failed [87] 매개 변수가 틀립니다
VirtualProtect() failed [87] 매개 변수가 틀립니다
VirtualProtect() failed [87] 매개 변수가 틀립니다
VirtualProtect() failed [87] 매개 변수가 틀립니다
VirtualProtect() failed [87] 매개 변수가 틀립니다
VirtualProtect() failed [87] 매개 변수가 틀립니다
VirtualProtect() failed [87] 매개 변수가 틀립니다
VirtualProtect() failed [87] 매개 변수가 틀립니다
VirtualProtect() failed [87] 매개 변수가 틀립니다
VirtualProtect() failed [87] 매개 변수가 틀립니다
VirtualProtect() failed [87] 매개 변수가 틀립니다
VirtualProtect() failed [87] 매개 변수가 틀립니다
VirtualProtect() failed [87] 매개 변수가 틀립니다
VirtualProtect() failed [87] 매개 변수가 틀립니다
VirtualProtect() failed [87] 매개 변수가 틀립니다
VirtualProtect() failed [87] 매개 변수가 틀립니다
VirtualProtect() failed [87] 매개 변수가 틀립니다
VirtualProtect() failed [87] 매개 변수가 틀립니다
VirtualProtect() failed [87] 매개 변수가 틀립니다
VirtualProtect() failed [87] 매개 변수가 틀립니다
VirtualProtect() failed [87] 매개 변수가 틀립니다
VirtualProtect() failed [87] 매개 변수가 틀립니다
VirtualProtect() failed [87] 매개 변수가 틀립니다
VirtualProtect() failed [87] 매개 변수가 틀립니다
VirtualProtect() failed [87] 매개 변수가 틀립니다
VirtualProtect() failed [87] 매개 변수가 틀립니다
VirtualProtect() failed [87] 매개 변수가 틀립니다
VirtualProtect() failed [87] 매개 변수가 틀립니다
VirtualProtect() failed [87] 매개 변수가 틀립니다
VirtualProtect() failed [87] 매개 변수가 틀립니다
VirtualProtect() failed [87] 매개 변수가 틀립니다
VirtualProtect() failed [87] 매개 변수가 틀립니다
VirtualProtect() failed [87] 매개 변수가 틀립니다
VirtualProtect() failed [87] 매개 변수가 틀립니다
VirtualProtect() failed [87] 매개 변수가 틀립니다
VirtualProtect() failed [87] 매개 변수가 틀립니다
VirtualProtect() failed [87] 매개 변수가 틀립니다
VirtualProtect() failed [87] 매개 변수가 틀립니다
VirtualProtect() failed [87] 매개 변수가 틀립니다
VirtualProtect() failed [87] 매개 변수가 틀립니다
VirtualProtect() failed [87] 매개 변수가 틀립니다
VirtualProtect() failed [87] 매개 변수가 틀립니다
VirtualProtect() failed [87] 매개 변수가 틀립니다
VirtualProtect() failed [87] 매개 변수가 틀립니다
VirtualProtect() failed [87] 매개 변수가 틀립니다
VirtualProtect() failed [87] 매개 변수가 틀립니다
VirtualProtect() failed [87] 매개 변수가 틀립니다
VirtualProtect() failed [87] 매개 변수가 틀립니다
VirtualProtect() failed [87] 매개 변수가 틀립니다
[Mon Mar 21 17:03:05.197942 2022] [mpm_winnt:notice] [pid 3984:tid 560] AH00422: Parent: Received shutdown signal -- Shutting down the server.
[Mon Mar 21 17:03:22.536411 2022] [mpm_winnt:notice] [pid 8128:tid 600] AH00364: Child: All worker threads have exited.
[Mon Mar 21 17:03:22.666333 2022] [mpm_winnt:notice] [pid 3984:tid 560] AH00430: Parent: Child process 8128 exited successfully.
[Mon Mar 21 17:32:51.946622 2022] [ssl:warn] [pid 16740:tid 636] AH01909: localhost:443:0 server certificate does NOT include an ID which matches the server name
[Mon Mar 21 17:32:52.000602 2022] [ssl:warn] [pid 16740:tid 636] AH01909: localhost:443:0 server certificate does NOT include an ID which matches the server name
[Mon Mar 21 17:32:52.285601 2022] [mpm_winnt:notice] [pid 16740:tid 636] AH00455: Apache/2.4.52 (Win64) OpenSSL/1.1.1m PHP/8.1.3 configured -- resuming normal operations
[Mon Mar 21 17:32:52.285601 2022] [mpm_winnt:notice] [pid 16740:tid 636] AH00456: Apache Lounge VS16 Server built: Dec 17 2021 10:17:38
[Mon Mar 21 17:32:52.285601 2022] [core:notice] [pid 16740:tid 636] AH00094: Command line: 'C:\\Bitnami\\WAMPST~1.3-0\\apache2\\bin\\httpd.exe -d C:/Bitnami/wampstack-8.1.3-0/apache2 -f C:\\Bitnami\\WAMPST~1.3-0\\apache2\\conf\\httpd.conf'
[Mon Mar 21 17:32:52.291629 2022] [mpm_winnt:notice] [pid 16740:tid 636] AH00418: Parent: Created child process 8884
[Mon Mar 21 17:32:52.779416 2022] [ssl:warn] [pid 8884:tid 508] AH01909: localhost:443:0 server certificate does NOT include an ID which matches the server name
[Mon Mar 21 17:32:52.828400 2022] [ssl:warn] [pid 8884:tid 508] AH01909: localhost:443:0 server certificate does NOT include an ID which matches the server name
[Mon Mar 21 17:32:52.874370 2022] [mpm_winnt:notice] [pid 8884:tid 508] AH00354: Child: Starting 64 worker threads.
VirtualProtect() failed [87] 매개 변수가 틀립니다
VirtualProtect() failed [87] 매개 변수가 틀립니다
[Mon Mar 21 18:02:07.435961 2022] [mpm_winnt:notice] [pid 16740:tid 636] AH00422: Parent: Received shutdown signal -- Shutting down the server.
[Mon Mar 21 18:02:09.465522 2022] [mpm_winnt:notice] [pid 8884:tid 508] AH00364: Child: All worker threads have exited.
[Mon Mar 21 18:02:09.498503 2022] [mpm_winnt:notice] [pid 16740:tid 636] AH00430: Parent: Child process 8884 exited successfully.
[Mon Mar 21 18:02:10.597328 2022] [ssl:warn] [pid 24296:tid 680] AH01909: localhost:443:0 server certificate does NOT include an ID which matches the server name
[Mon Mar 21 18:02:10.651371 2022] [ssl:warn] [pid 24296:tid 680] AH01909: localhost:443:0 server certificate does NOT include an ID which matches the server name
[Mon Mar 21 18:02:10.691364 2022] [mpm_winnt:notice] [pid 24296:tid 680] AH00455: Apache/2.4.52 (Win64) OpenSSL/1.1.1m PHP/8.1.3 configured -- resuming normal operations
[Mon Mar 21 18:02:10.691364 2022] [mpm_winnt:notice] [pid 24296:tid 680] AH00456: Apache Lounge VS16 Server built: Dec 17 2021 10:17:38
[Mon Mar 21 18:02:10.691364 2022] [core:notice] [pid 24296:tid 680] AH00094: Command line: 'C:\\Bitnami\\WAMPST~1.3-0\\apache2\\bin\\httpd.exe -d C:/Bitnami/wampstack-8.1.3-0/apache2 -f C:\\Bitnami\\WAMPST~1.3-0\\apache2\\conf\\httpd.conf'
[Mon Mar 21 18:02:10.696362 2022] [mpm_winnt:notice] [pid 24296:tid 680] AH00418: Parent: Created child process 15292
[Mon Mar 21 18:02:11.191496 2022] [ssl:warn] [pid 15292:tid 152] AH01909: localhost:443:0 server certificate does NOT include an ID which matches the server name
[Mon Mar 21 18:02:11.239499 2022] [ssl:warn] [pid 15292:tid 152] AH01909: localhost:443:0 server certificate does NOT include an ID which matches the server name
[Mon Mar 21 18:02:11.284497 2022] [mpm_winnt:notice] [pid 15292:tid 152] AH00354: Child: Starting 64 worker threads.
[Mon Mar 21 18:04:06.557157 2022] [mpm_winnt:notice] [pid 24296:tid 680] AH00422: Parent: Received shutdown signal -- Shutting down the server.
[Mon Mar 21 18:04:36.564290 2022] [mpm_winnt:notice] [pid 24296:tid 680] AH00431: Parent: Forcing termination of child process 15292
[Mon Mar 21 18:04:39.319500 2022] [ssl:warn] [pid 5728:tid 644] AH01909: localhost:443:0 server certificate does NOT include an ID which matches the server name
[Mon Mar 21 18:04:39.372498 2022] [ssl:warn] [pid 5728:tid 644] AH01909: localhost:443:0 server certificate does NOT include an ID which matches the server name
[Mon Mar 21 18:04:39.411518 2022] [mpm_winnt:notice] [pid 5728:tid 644] AH00455: Apache/2.4.52 (Win64) OpenSSL/1.1.1m PHP/8.1.3 configured -- resuming normal operations
[Mon Mar 21 18:04:39.411518 2022] [mpm_winnt:notice] [pid 5728:tid 644] AH00456: Apache Lounge VS16 Server built: Dec 17 2021 10:17:38
[Mon Mar 21 18:04:39.411518 2022] [core:notice] [pid 5728:tid 644] AH00094: Command line: 'C:\\Bitnami\\WAMPST~1.3-0\\apache2\\bin\\httpd.exe -d C:/Bitnami/wampstack-8.1.3-0/apache2 -f C:\\Bitnami\\WAMPST~1.3-0\\apache2\\conf\\httpd.conf'
[Mon Mar 21 18:04:39.416495 2022] [mpm_winnt:notice] [pid 5728:tid 644] AH00418: Parent: Created child process 6444
[Mon Mar 21 18:04:39.918501 2022] [ssl:warn] [pid 6444:tid 488] AH01909: localhost:443:0 server certificate does NOT include an ID which matches the server name
[Mon Mar 21 18:04:39.970524 2022] [ssl:warn] [pid 6444:tid 488] AH01909: localhost:443:0 server certificate does NOT include an ID which matches the server name
[Mon Mar 21 18:04:40.015496 2022] [mpm_winnt:notice] [pid 6444:tid 488] AH00354: Child: Starting 64 worker threads.
VirtualProtect() failed [87] 매개 변수가 틀립니다
VirtualProtect() failed [87] 매개 변수가 틀립니다
[Thu Mar 24 16:16:35.035032 2022] [authz_core:error] [pid 6444:tid 1204] [client 123.143.63.170:50502] AH01630: client denied by server configuration: C:/Bitnami/wampstack-8.1.3-0/apps/phpmyadmin/htdocs/index.php
[Fri Mar 25 17:45:38.422729 2022] [php:error] [pid 6444:tid 1104] [client 23.248.163.46:37470] script 'C:/Bitnami/wampstack-8.1.3-0/apache2/htdocs/reg.php' not found or unable to stat
[Fri Mar 25 17:45:41.462505 2022] [php:error] [pid 6444:tid 1188] [client 23.248.163.46:37476] script 'C:/Bitnami/wampstack-8.1.3-0/apache2/htdocs/kefu.php' not found or unable to stat
[Fri Mar 25 17:45:55.392402 2022] [php:error] [pid 6444:tid 1076] [client 23.248.163.46:58834] script 'C:/Bitnami/wampstack-8.1.3-0/apache2/htdocs/index.php' not found or unable to stat
[Fri Mar 25 17:46:48.687482 2022] [php:error] [pid 6444:tid 984] [client 23.248.163.46:59386] script 'C:/Bitnami/wampstack-8.1.3-0/apache2/htdocs/index.php' not found or unable to stat
[Fri Mar 25 17:46:52.487460 2022] [php:error] [pid 6444:tid 1028] [client 23.248.163.46:36468] script 'C:/Bitnami/wampstack-8.1.3-0/apache2/htdocs/index.php' not found or unable to stat
[Fri Mar 25 17:47:01.757517 2022] [php:error] [pid 6444:tid 1188] [client 23.248.163.46:49782] script 'C:/Bitnami/wampstack-8.1.3-0/apache2/htdocs/index.php' not found or unable to stat
[Fri Mar 25 17:47:26.798624 2022] [php:error] [pid 6444:tid 1124] [client 23.248.163.46:60902] script 'C:/Bitnami/wampstack-8.1.3-0/apache2/htdocs/leftDao.php' not found or unable to stat
[Fri Mar 25 20:21:51.892746 2022] [authz_core:error] [pid 6444:tid 916] [client 36.95.154.11:48982] AH01630: client denied by server configuration: C:/Bitnami/wampstack-8.1.3-0/apps/phpmyadmin/htdocs/index.php
[Mon Mar 28 23:44:38.617333 2022] [mpm_winnt:notice] [pid 5728:tid 644] AH00422: Parent: Received shutdown signal -- Shutting down the server.
[Mon Mar 28 23:44:40.648535 2022] [mpm_winnt:notice] [pid 6444:tid 488] AH00364: Child: All worker threads have exited.
[Mon Mar 28 23:44:40.882775 2022] [mpm_winnt:notice] [pid 5728:tid 644] AH00430: Parent: Child process 6444 exited successfully.
[Wed Mar 30 19:03:24.169330 2022] [ssl:warn] [pid 4784:tid 684] AH01909: localhost:443:0 server certificate does NOT include an ID which matches the server name
[Wed Mar 30 19:03:24.227645 2022] [ssl:warn] [pid 4784:tid 684] AH01909: localhost:443:0 server certificate does NOT include an ID which matches the server name
[Wed Mar 30 19:03:24.400895 2022] [mpm_winnt:notice] [pid 4784:tid 684] AH00455: Apache/2.4.52 (Win64) OpenSSL/1.1.1m PHP/8.1.3 configured -- resuming normal operations
[Wed Mar 30 19:03:24.400895 2022] [mpm_winnt:notice] [pid 4784:tid 684] AH00456: Apache Lounge VS16 Server built: Dec 17 2021 10:17:38
[Wed Mar 30 19:03:24.400895 2022] [core:notice] [pid 4784:tid 684] AH00094: Command line: 'C:\\Bitnami\\WAMPST~1.3-0\\apache2\\bin\\httpd.exe -d C:/Bitnami/wampstack-8.1.3-0/apache2 -f C:\\Bitnami\\WAMPST~1.3-0\\apache2\\conf\\httpd.conf'
[Wed Mar 30 19:03:24.410723 2022] [mpm_winnt:notice] [pid 4784:tid 684] AH00418: Parent: Created child process 7036
[Wed Mar 30 19:03:25.665783 2022] [ssl:warn] [pid 7036:tid 544] AH01909: localhost:443:0 server certificate does NOT include an ID which matches the server name
[Wed Mar 30 19:03:25.730918 2022] [ssl:warn] [pid 7036:tid 544] AH01909: localhost:443:0 server certificate does NOT include an ID which matches the server name
[Wed Mar 30 19:03:25.835350 2022] [mpm_winnt:notice] [pid 7036:tid 544] AH00354: Child: Starting 64 worker threads.
[Wed Mar 30 21:39:44.296269 2022] [mpm_winnt:notice] [pid 4784:tid 684] AH00422: Parent: Received shutdown signal -- Shutting down the server.
[Wed Mar 30 21:39:46.310724 2022] [mpm_winnt:notice] [pid 7036:tid 544] AH00364: Child: All worker threads have exited.
[Wed Mar 30 21:39:46.373244 2022] [mpm_winnt:notice] [pid 4784:tid 684] AH00430: Parent: Child process 7036 exited successfully.
[Wed Mar 30 21:40:09.945541 2022] [ssl:warn] [pid 4772:tid 472] AH01909: localhost:443:0 server certificate does NOT include an ID which matches the server name
[Wed Mar 30 21:40:10.004840 2022] [ssl:warn] [pid 4772:tid 472] AH01909: localhost:443:0 server certificate does NOT include an ID which matches the server name
[Wed Mar 30 21:40:10.219145 2022] [mpm_winnt:notice] [pid 4772:tid 472] AH00455: Apache/2.4.52 (Win64) OpenSSL/1.1.1m PHP/8.1.3 configured -- resuming normal operations
[Wed Mar 30 21:40:10.219145 2022] [mpm_winnt:notice] [pid 4772:tid 472] AH00456: Apache Lounge VS16 Server built: Dec 17 2021 10:17:38
[Wed Mar 30 21:40:10.219145 2022] [core:notice] [pid 4772:tid 472] AH00094: Command line: 'C:\\Bitnami\\WAMPST~1.3-0\\apache2\\bin\\httpd.exe -d C:/Bitnami/wampstack-8.1.3-0/apache2 -f C:\\Bitnami\\WAMPST~1.3-0\\apache2\\conf\\httpd.conf'
[Wed Mar 30 21:40:10.224477 2022] [mpm_winnt:notice] [pid 4772:tid 472] AH00418: Parent: Created child process 6104
[Wed Mar 30 21:40:12.302383 2022] [ssl:warn] [pid 6104:tid 640] AH01909: localhost:443:0 server certificate does NOT include an ID which matches the server name
[Wed Mar 30 21:40:12.414517 2022] [ssl:warn] [pid 6104:tid 640] AH01909: localhost:443:0 server certificate does NOT include an ID which matches the server name
[Wed Mar 30 21:40:12.549021 2022] [mpm_winnt:notice] [pid 6104:tid 640] AH00354: Child: Starting 64 worker threads.
VirtualProtect() failed [87] 매개 변수가 틀립니다
VirtualProtect() failed [87] 매개 변수가 틀립니다
